#
# A fatal error has been detected by the Java Runtime Environment:
#
#  SIGSEGV (0xb) at pc=0x00007f90a94a882d, pid=9486, tid=140259148646144
#
# JRE version: Java(TM) SE Runtime Environment (8.0_72-b15) (build 1.8.0_72-b15)
# Java VM: Java HotSpot(TM) 64-Bit Server VM (25.72-b15 mixed mode linux-amd64 compressed oops)
# Problematic frame:
# J 1506 C1 javax.swing.plaf.basic.BasicLabelUI.layoutCL(Ljavax/swing/JLabel;Ljava/awt/FontMetrics;Ljava/lang/String;Ljavax/swing/Icon;Ljava/awt/Rectangle;Ljava/awt/Rectangle;Ljava/awt/Rectangle;)Ljava/lang/String; (35 bytes) @ 0x00007f90a94a882d [0x00007f90a94a8680+0x1ad]
#
# Failed to write core dump. Core dumps have been disabled. To enable core dumping, try "ulimit -c unlimited" before starting Java again
#
# If you would like to submit a bug report, please visit:
#   http://bugreport.java.com/bugreport/crash.jsp
#

---------------  T H R E A D  ---------------

Current thread (0x00007f90b81af800):  JavaThread "AWT-EventQueue-0" [_thread_in_Java, id=9506, stack(0x00007f90a0ab4000,0x00007f90a0bb5000)]

siginfo: si_signo: 11 (SIGSEGV), si_code: 1 (SEGV_MAPERR), si_addr: 0x0000000000000170

Registers:
RAX=0x0000000000000020, RBX=0x00000000ec730c40, RCX=0x00000000edf44a90, RDX=0x00000000edf3d9f0
RSP=0x00007f90a0baff00, RBP=0x00007f90a0bb0040, RSI=0x00000001001d8498, RDI=0x0000000000000000
R8 =0x00000000c19f7938, R9 =0x0000000000000000, R10=0x00007f90c0f9d340, R11=0x00007f90a94a86a0
R12=0x00007f906f216ca8, R13=0x0000000000000000, R14=0x0000000000000000, R15=0x00007f90b81af800
RIP=0x00007f90a94a882d, EFLAGS=0x0000000000010202, CSGSFS=0x0000000000000033, ERR=0x0000000000000004
  TRAPNO=0x000000000000000e

Top of Stack: (sp=0x00007f90a0baff00)
0x00007f90a0baff00:   00007f90a94a7d9c 00000000ec730c20
0x00007f90a0baff10:   00000000edf3d9f0 00000000c3a5c780
0x00007f90a0baff20:   0000000000000000 0000000000000000
0x00007f90a0baff30:   00007f90a0bb0010 00007f90a94133dc
0x00007f90a0baff40:   0000000000000000 0000000000000000
0x00007f90a0baff50:   408d000000000000 00007f90c077e0e7
0x00007f90a0baff60:   00007f90c0f602e0 00007f907c000df0
0x00007f90a0baff70:   0000000100091b50 00000000ec730c40
0x00007f90a0baff80:   00007f907c000df0 00000000c1936660
0x00007f90a0baff90:   00007f90a0bb0040 00007f90a9007710
0x00007f90a0baffa0:   00000000c1932ee0 00000000c1932f00
0x00007f90a0baffb0:   00007f90b81af9f8 00007f90a9007710
0x00007f90a0baffc0:   00000000c1932f00 00000000c1932ee0
0x00007f90a0baffd0:   00000000ec730c40 0000000000000000
0x00007f90a0baffe0:   00000000c19f7938 00000000edf44a90
0x00007f90a0bafff0:   00000000edf3d9f0 00000000c1932ec8
0x00007f90a0bb0000:   00007f90a0bb0000 00007f90a8fe37dc
0x00007f90a0bb0010:   00007f90a0bb0090 00007f90a8fe48f8
0x00007f90a0bb0020:   0000000000000000 00007f90a8fe37f8
0x00007f90a0bb0030:   00007f90a0baffc0 00007f90a0bb0070
0x00007f90a0bb0040:   00007f90a0bb00d8 00007f90a9007710
0x00007f90a0bb0050:   00000000ec730c40 0000000000000000
0x00007f90a0bb0060:   00000000c19f7938 00000000ec730c20
0x00007f90a0bb0070:   000000000000000f 000000000000004f
0x00007f90a0bb0080:   00000000edf44a90 00000000edf3d9f0
0x00007f90a0bb0090:   00000000c1932ec8 00007f90a0bb0098
0x00007f90a0bb00a0:   00007f90a8fe3605 00007f90a0bb0138
0x00007f90a0bb00b0:   00007f90a8fe48f8 0000000000000000
0x00007f90a0bb00c0:   00007f90a8fe36a0 00007f90a0bb0070
0x00007f90a0bb00d0:   00007f90a0bb0128 00007f90a0bb0180
0x00007f90a0bb00e0:   00007f90a900798d 0000000000000000
0x00007f90a0bb00f0:   0000000000000000 0000000000000000 

Instructions: (pc=0x00007f90a94a882d)
0x00007f90a94a880d:   38 01 00 00 01 44 8b aa 64 01 00 00 48 8b f2 49
0x00007f90a94a881d:   bc a8 6c 21 6f 90 7f 00 00 8b 76 08 48 c1 e6 03
0x00007f90a94a882d:   49 3b b6 70 01 00 00 75 0d 49 83 86 78 01 00 00
0x00007f90a94a883d:   01 e9 66 00 00 00 49 3b b6 80 01 00 00 75 0d 49 

Register to memory mapping:

RAX=0x0000000000000020 is an unknown value
RBX=0x00000000ec730c40 is an oop
java.awt.Rectangle 
 - klass: 'java/awt/Rectangle'
RCX=0x00000000edf44a90 is an oop
sun.font.FontDesignMetrics 
 - klass: 'sun/font/FontDesignMetrics'
RDX=0x00000000edf3d9f0 is an oop
javax.swing.table.DefaultTableCellRenderer 
 - klass: 'javax/swing/table/DefaultTableCellRenderer'
RSP=0x00007f90a0baff00 is pointing into the stack for thread: 0x00007f90b81af800
RBP=0x00007f90a0bb0040 is pointing into the stack for thread: 0x00007f90b81af800
RSI=0x00000001001d8498 is pointing into metadata
RDI=0x0000000000000000 is an unknown value
R8 =0x00000000c19f7938 is an oop
java.lang.String 
 - klass: 'java/lang/String'
R9 =0x0000000000000000 is an unknown value
R10=0x00007f90c0f9d340: <offset 0xfb7340> in /usr/lib/jvm/java-8-oracle/jre/lib/amd64/server/libjvm.so at 0x00007f90bffe6000
R11=0x00007f90a94a86a0 is at entry_point+32 in (nmethod*)0x00007f90a94a8510
R12=0x00007f906f216ca8 is pointing into metadata
R13=0x0000000000000000 is an unknown value
R14=0x0000000000000000 is an unknown value
R15=0x00007f90b81af800 is a thread


Stack: [0x00007f90a0ab4000,0x00007f90a0bb5000],  sp=0x00007f90a0baff00,  free space=1007k
Native frames: (J=compiled Java code, j=interpreted, Vv=VM code, C=native code)
J 1506 C1 javax.swing.plaf.basic.BasicLabelUI.layoutCL(Ljavax/swing/JLabel;Ljava/awt/FontMetrics;Ljava/lang/String;Ljavax/swing/Icon;Ljava/awt/Rectangle;Ljava/awt/Rectangle;Ljava/awt/Rectangle;)Ljava/lang/String; (35 bytes) @ 0x00007f90a94a882d [0x00007f90a94a8680+0x1ad]
j  javax.swing.plaf.basic.BasicLabelUI.layout(Ljavax/swing/JLabel;Ljava/awt/FontMetrics;II)Ljava/lang/String;+180
j  javax.swing.plaf.basic.BasicLabelUI.paint(Ljava/awt/Graphics;Ljavax/swing/JComponent;)V+61
j  javax.swing.plaf.ComponentUI.update(Ljava/awt/Graphics;Ljavax/swing/JComponent;)V+32
j  javax.swing.JComponent.paintComponent(Ljava/awt/Graphics;)V+26
j  javax.swing.JComponent.paint(Ljava/awt/Graphics;)V+286
j  javax.swing.CellRendererPane.paintComponent(Ljava/awt/Graphics;Ljava/awt/Component;Ljava/awt/Container;IIIIZ)V+124
j  javax.swing.plaf.basic.BasicTableUI.paintCell(Ljava/awt/Graphics;Ljava/awt/Rectangle;II)V+110
j  javax.swing.plaf.basic.BasicTableUI.paintCells(Ljava/awt/Graphics;IIII)V+133
j  javax.swing.plaf.basic.BasicTableUI.paint(Ljava/awt/Graphics;Ljavax/swing/JComponent;)V+249
j  javax.swing.plaf.ComponentUI.update(Ljava/awt/Graphics;Ljavax/swing/JComponent;)V+32
j  javax.swing.JComponent.paintComponent(Ljava/awt/Graphics;)V+26
j  javax.swing.JComponent.paint(Ljava/awt/Graphics;)V+286
j  javax.swing.JComponent.paintChildren(Ljava/awt/Graphics;)V+501
j  javax.swing.JComponent.paint(Ljava/awt/Graphics;)V+318
j  javax.swing.JViewport.paint(Ljava/awt/Graphics;)V+205
j  javax.swing.JComponent.paintChildren(Ljava/awt/Graphics;)V+501
j  javax.swing.JComponent.paint(Ljava/awt/Graphics;)V+318
j  javax.swing.JComponent.paintChildren(Ljava/awt/Graphics;)V+501
j  javax.swing.JComponent.paint(Ljava/awt/Graphics;)V+318
j  javax.swing.JComponent.paintChildren(Ljava/awt/Graphics;)V+501
j  javax.swing.JComponent.paint(Ljava/awt/Graphics;)V+318
j  javax.swing.JComponent.paintChildren(Ljava/awt/Graphics;)V+501
j  javax.swing.JComponent.paint(Ljava/awt/Graphics;)V+318
j  javax.swing.JComponent.paintChildren(Ljava/awt/Graphics;)V+501
j  javax.swing.JComponent.paint(Ljava/awt/Graphics;)V+318
j  javax.swing.JComponent.paintChildren(Ljava/awt/Graphics;)V+501
j  javax.swing.JComponent.paint(Ljava/awt/Graphics;)V+318
j  javax.swing.JComponent.paintToOffscreen(Ljava/awt/Graphics;IIIIII)V+41
j  javax.swing.BufferStrategyPaintManager.paint(Ljavax/swing/JComponent;Ljavax/swing/JComponent;Ljava/awt/Graphics;IIII)Z+164
j  javax.swing.RepaintManager.paint(Ljavax/swing/JComponent;Ljavax/swing/JComponent;Ljava/awt/Graphics;IIII)V+51
j  javax.swing.JComponent._paintImmediately(IIII)V+683
j  javax.swing.JComponent.paintImmediately(IIII)V+138
j  javax.swing.RepaintManager$4.run()Ljava/lang/Void;+81
j  javax.swing.RepaintManager$4.run()Ljava/lang/Object;+1
v  ~StubRoutines::call_stub
V  [libjvm.so+0x68c616]  JavaCalls::call_helper(JavaValue*, methodHandle*, JavaCallArguments*, Thread*)+0x1056
V  [libjvm.so+0x7252dc]  JVM_DoPrivileged+0x27c
J 1272  java.security.AccessController.doPrivileged(Ljava/security/PrivilegedAction;Ljava/security/AccessControlContext;)Ljava/lang/Object; (0 bytes) @ 0x00007f90a9425c15 [0x00007f90a9425b40+0xd5]
J 1378 C1 java.security.ProtectionDomain$JavaSecurityAccessImpl.doIntersectionPrivilege(Ljava/security/PrivilegedAction;Ljava/security/AccessControlContext;Ljava/security/AccessControlContext;)Ljava/lang/Object; (22 bytes) @ 0x00007f90a9455a44 [0x00007f90a94555e0+0x464]
j  javax.swing.RepaintManager.paintDirtyRegions(Ljava/util/Map;)V+154
j  javax.swing.RepaintManager.paintDirtyRegions()V+46
j  javax.swing.RepaintManager.prePaintDirtyRegions()V+73
j  javax.swing.RepaintManager.access$1200(Ljavax/swing/RepaintManager;)V+1
j  javax.swing.RepaintManager$ProcessingRunnable.run()V+37
j  java.awt.event.InvocationEvent.dispatch()V+47
j  java.awt.EventQueue.dispatchEventImpl(Ljava/awt/AWTEvent;Ljava/lang/Object;)V+21
j  java.awt.EventQueue.access$500(Ljava/awt/EventQueue;Ljava/awt/AWTEvent;Ljava/lang/Object;)V+3
j  java.awt.EventQueue$3.run()Ljava/lang/Void;+32
j  java.awt.EventQueue$3.run()Ljava/lang/Object;+1
v  ~StubRoutines::call_stub
V  [libjvm.so+0x68c616]  JavaCalls::call_helper(JavaValue*, methodHandle*, JavaCallArguments*, Thread*)+0x1056
V  [libjvm.so+0x7252dc]  JVM_DoPrivileged+0x27c
J 1272  java.security.AccessController.doPrivileged(Ljava/security/PrivilegedAction;Ljava/security/AccessControlContext;)Ljava/lang/Object; (0 bytes) @ 0x00007f90a9425c15 [0x00007f90a9425b40+0xd5]
J 1378 C1 java.security.ProtectionDomain$JavaSecurityAccessImpl.doIntersectionPrivilege(Ljava/security/PrivilegedAction;Ljava/security/AccessControlContext;Ljava/security/AccessControlContext;)Ljava/lang/Object; (22 bytes) @ 0x00007f90a9455a44 [0x00007f90a94555e0+0x464]
j  java.awt.EventQueue.dispatchEvent(Ljava/awt/AWTEvent;)V+46
j  java.awt.EventDispatchThread.pumpOneEventForFilters(I)V+245
j  java.awt.EventDispatchThread.pumpEventsForFilter(ILjava/awt/Conditional;Ljava/awt/EventFilter;)V+35
j  java.awt.EventDispatchThread.pumpEventsForHierarchy(ILjava/awt/Conditional;Ljava/awt/Component;)V+11
j  java.awt.EventDispatchThread.pumpEvents(ILjava/awt/Conditional;)V+4
j  java.awt.EventDispatchThread.pumpEvents(Ljava/awt/Conditional;)V+3
j  java.awt.EventDispatchThread.run()V+9
v  ~StubRoutines::call_stub
V  [libjvm.so+0x68c616]  JavaCalls::call_helper(JavaValue*, methodHandle*, JavaCallArguments*, Thread*)+0x1056
V  [libjvm.so+0x68cb21]  JavaCalls::call_virtual(JavaValue*, KlassHandle, Symbol*, Symbol*, JavaCallArguments*, Thread*)+0x321
V  [libjvm.so+0x68cfc7]  JavaCalls::call_virtual(JavaValue*, Handle, KlassHandle, Symbol*, Symbol*, Thread*)+0x47
V  [libjvm.so+0x723d80]  thread_entry(JavaThread*, Thread*)+0xa0
V  [libjvm.so+0xa69dcf]  JavaThread::thread_main_inner()+0xdf
V  [libjvm.so+0xa69efc]  JavaThread::run()+0x11c
V  [libjvm.so+0x91d9d8]  java_start(Thread*)+0x108
C  [libpthread.so.0+0x8182]  start_thread+0xc2


---------------  P R O C E S S  ---------------

Java Threads: ( => current thread )
  0x00007f906800d800 JavaThread "TimerQueue" daemon [_thread_blocked, id=9512, stack(0x00007f906f46c000,0x00007f906f56d000)]
  0x00007f9068279000 JavaThread "Image Fetcher 2" daemon [_thread_blocked, id=9510, stack(0x00007f906f76d000,0x00007f906f86e000)]
  0x00007f906826e000 JavaThread "Image Fetcher 1" daemon [_thread_blocked, id=9509, stack(0x00007f906f86e000,0x00007f906f96f000)]
  0x00007f9068231800 JavaThread "Image Fetcher 0" daemon [_thread_blocked, id=9508, stack(0x00007f90a0018000,0x00007f90a0119000)]
  0x00007f9068061800 JavaThread "Abandoned connection cleanup thread" daemon [_thread_blocked, id=9507, stack(0x00007f90a09a4000,0x00007f90a0aa5000)]
  0x00007f90b800a000 JavaThread "DestroyJavaVM" [_thread_blocked, id=9489, stack(0x00007f90c1ab4000,0x00007f90c1bb5000)]
=>0x00007f90b81af800 JavaThread "AWT-EventQueue-0" [_thread_in_Java, id=9506, stack(0x00007f90a0ab4000,0x00007f90a0bb5000)]
  0x00007f90b81b4000 JavaThread "AWT-Shutdown" [_thread_blocked, id=9505, stack(0x00007f90a0bb5000,0x00007f90a0cb6000)]
  0x00007f90b81a8800 JavaThread "AWT-XAWT" daemon [_thread_in_native, id=9504, stack(0x00007f90a0cb6000,0x00007f90a0db7000)]
  0x00007f90b8182800 JavaThread "Java2D Disposer" daemon [_thread_blocked, id=9503, stack(0x00007f90a11c7000,0x00007f90a12c8000)]
  0x00007f90b80c4800 JavaThread "Service Thread" daemon [_thread_blocked, id=9501, stack(0x00007f90a2f13000,0x00007f90a3014000)]
  0x00007f90b80b8000 JavaThread "C1 CompilerThread1" daemon [_thread_blocked, id=9500, stack(0x00007f90a3014000,0x00007f90a3115000)]
  0x00007f90b80b5000 JavaThread "C2 CompilerThread0" daemon [_thread_blocked, id=9499, stack(0x00007f90a3115000,0x00007f90a3216000)]
  0x00007f90b80b3800 JavaThread "Signal Dispatcher" daemon [_thread_blocked, id=9498, stack(0x00007f90a3216000,0x00007f90a3317000)]
  0x00007f90b807f800 JavaThread "Finalizer" daemon [_thread_blocked, id=9497, stack(0x00007f90a39fa000,0x00007f90a3afb000)]
  0x00007f90b807b000 JavaThread "Reference Handler" daemon [_thread_blocked, id=9496, stack(0x00007f90a3afb000,0x00007f90a3bfc000)]

Other Threads:
  0x00007f90b8073800 VMThread [stack: 0x00007f90a3bfc000,0x00007f90a3cfd000] [id=9495]
  0x00007f90b80c8000 WatcherThread [stack: 0x00007f90a2e12000,0x00007f90a2f13000] [id=9502]

VM state:not at safepoint (normal execution)

VM Mutex/Monitor currently owned by a thread: None

Heap:
 PSYoungGen      total 56320K, used 45894K [0x00000000eab00000, 0x00000000f1280000, 0x0000000100000000)
  eden space 37888K, 79% used [0x00000000eab00000,0x00000000ec868be8,0x00000000ed000000)
  from space 18432K, 85% used [0x00000000ed000000,0x00000000edf68e88,0x00000000ee200000)
  to   space 23040K, 0% used [0x00000000efc00000,0x00000000efc00000,0x00000000f1280000)
 ParOldGen       total 161792K, used 104350K [0x00000000c0000000, 0x00000000c9e00000, 0x00000000eab00000)
  object space 161792K, 64% used [0x00000000c0000000,0x00000000c65e7990,0x00000000c9e00000)
 Metaspace       used 17004K, capacity 17178K, committed 17408K, reserved 1064960K
  class space    used 2132K, capacity 2204K, committed 2304K, reserved 1048576K

Card table byte_map: [0x00007f90be685000,0x00007f90be886000] byte_map_base: 0x00007f90be085000

Marking Bits: (ParMarkBitMap*) 0x00007f90c0f9b100
 Begin Bits: [0x00007f90bc32d000, 0x00007f90bd32d000)
 End Bits:   [0x00007f90bd32d000, 0x00007f90be32d000)

Polling page: 0x00007f90c1be2000

CodeCache: size=245760Kb used=4763Kb max_used=4763Kb free=240996Kb
 bounds [0x00007f90a9000000, 0x00007f90a94b0000, 0x00007f90b8000000]
 total_blobs=2124 nmethods=1507 adapters=531
 compilation: enabled

Compilation events (10 events):
Event: 5,565 Thread 0x00007f90b80b8000 1504       1       javax.swing.table.DefaultTableColumnModel::getSelectionModel (5 bytes)
Event: 5,565 Thread 0x00007f90b80b8000 nmethod 1504 0x00007f90a94a7490 code [0x00007f90a94a75e0, 0x00007f90a94a76f0]
Event: 5,566 Thread 0x00007f90b80b8000 1505       3       javax.swing.JComponent::getInsets (79 bytes)
Event: 5,567 Thread 0x00007f90b80b8000 nmethod 1505 0x00007f90a94a7750 code [0x00007f90a94a7920, 0x00007f90a94a8218]
Event: 5,570 Thread 0x00007f90b80b8000 1506       3       javax.swing.plaf.basic.BasicLabelUI::layoutCL (35 bytes)
Event: 5,571 Thread 0x00007f90b80b8000 nmethod 1506 0x00007f90a94a8510 code [0x00007f90a94a8680, 0x00007f90a94a8b48]
Event: 5,571 Thread 0x00007f90b80b8000 1508       3       sun.java2d.SunGraphics2D::validateColor (102 bytes)
Event: 5,572 Thread 0x00007f90b80b8000 nmethod 1508 0x00007f90a94a8c50 code [0x00007f90a94a8e00, 0x00007f90a94a9418]
Event: 5,572 Thread 0x00007f90b80b8000 1507       1       javax.swing.table.TableColumn::getCellRenderer (5 bytes)
Event: 5,572 Thread 0x00007f90b80b8000 nmethod 1507 0x00007f90a94a95d0 code [0x00007f90a94a9720, 0x00007f90a94a9830]

GC Heap History (10 events):
Event: 2,056 GC heap before
{Heap before GC invocations=6 (full 1):
 PSYoungGen      total 24064K, used 23677K [0x00000000eab00000, 0x00000000ec580000, 0x0000000100000000)
  eden space 23040K, 99% used [0x00000000eab00000,0x00000000ec14c608,0x00000000ec180000)
  from space 1024K, 82% used [0x00000000ec480000,0x00000000ec553010,0x00000000ec580000)
  to   space 1536K, 0% used [0x00000000ec280000,0x00000000ec280000,0x00000000ec400000)
 ParOldGen       total 57856K, used 38298K [0x00000000c0000000, 0x00000000c3880000, 0x00000000eab00000)
  object space 57856K, 66% used [0x00000000c0000000,0x00000000c25668f8,0x00000000c3880000)
 Metaspace       used 14394K, capacity 14584K, committed 14848K, reserved 1062912K
  class space    used 1852K, capacity 1941K, committed 2048K, reserved 1048576K
Event: 2,087 GC heap after
Heap after GC invocations=6 (full 1):
 PSYoungGen      total 25600K, used 972K [0x00000000eab00000, 0x00000000ef100000, 0x0000000100000000)
  eden space 24064K, 0% used [0x00000000eab00000,0x00000000eab00000,0x00000000ec280000)
  from space 1536K, 63% used [0x00000000ec280000,0x00000000ec373010,0x00000000ec400000)
  to   space 14336K, 0% used [0x00000000ee300000,0x00000000ee300000,0x00000000ef100000)
 ParOldGen       total 60928K, used 60146K [0x00000000c0000000, 0x00000000c3b80000, 0x00000000eab00000)
  object space 60928K, 98% used [0x00000000c0000000,0x00000000c3abcab8,0x00000000c3b80000)
 Metaspace       used 14394K, capacity 14584K, committed 14848K, reserved 1062912K
  class space    used 1852K, capacity 1941K, committed 2048K, reserved 1048576K
}
Event: 2,087 GC heap before
{Heap before GC invocations=7 (full 2):
 PSYoungGen      total 25600K, used 972K [0x00000000eab00000, 0x00000000ef100000, 0x0000000100000000)
  eden space 24064K, 0% used [0x00000000eab00000,0x00000000eab00000,0x00000000ec280000)
  from space 1536K, 63% used [0x00000000ec280000,0x00000000ec373010,0x00000000ec400000)
  to   space 14336K, 0% used [0x00000000ee300000,0x00000000ee300000,0x00000000ef100000)
 ParOldGen       total 60928K, used 60146K [0x00000000c0000000, 0x00000000c3b80000, 0x00000000eab00000)
  object space 60928K, 98% used [0x00000000c0000000,0x00000000c3abcab8,0x00000000c3b80000)
 Metaspace       used 14394K, capacity 14584K, committed 14848K, reserved 1062912K
  class space    used 1852K, capacity 1941K, committed 2048K, reserved 1048576K
Event: 2,170 GC heap after
Heap after GC invocations=7 (full 2):
 PSYoungGen      total 25600K, used 0K [0x00000000eab00000, 0x00000000ef100000, 0x0000000100000000)
  eden space 24064K, 0% used [0x00000000eab00000,0x00000000eab00000,0x00000000ec280000)
  from space 1536K, 0% used [0x00000000ec280000,0x00000000ec280000,0x00000000ec400000)
  to   space 14336K, 0% used [0x00000000ee300000,0x00000000ee300000,0x00000000ef100000)
 ParOldGen       total 104448K, used 60636K [0x00000000c0000000, 0x00000000c6600000, 0x00000000eab00000)
  object space 104448K, 58% used [0x00000000c0000000,0x00000000c3b371b8,0x00000000c6600000)
 Metaspace       used 14394K, capacity 14584K, committed 14848K, reserved 1062912K
  class space    used 1852K, capacity 1941K, committed 2048K, reserved 1048576K
}
Event: 2,257 GC heap before
{Heap before GC invocations=8 (full 2):
 PSYoungGen      total 25600K, used 23952K [0x00000000eab00000, 0x00000000ef100000, 0x0000000100000000)
  eden space 24064K, 99% used [0x00000000eab00000,0x00000000ec264310,0x00000000ec280000)
  from space 1536K, 0% used [0x00000000ec280000,0x00000000ec280000,0x00000000ec400000)
  to   space 14336K, 0% used [0x00000000ee300000,0x00000000ee300000,0x00000000ef100000)
 ParOldGen       total 104448K, used 60636K [0x00000000c0000000, 0x00000000c6600000, 0x00000000eab00000)
  object space 104448K, 58% used [0x00000000c0000000,0x00000000c3b371b8,0x00000000c6600000)
 Metaspace       used 14399K, capacity 14584K, committed 14848K, reserved 1062912K
  class space    used 1852K, capacity 1941K, committed 2048K, reserved 1048576K
Event: 2,290 GC heap after
Heap after GC invocations=8 (full 2):
 PSYoungGen      total 52224K, used 14104K [0x00000000eab00000, 0x00000000ef400000, 0x0000000100000000)
  eden space 37888K, 0% used [0x00000000eab00000,0x00000000eab00000,0x00000000ed000000)
  from space 14336K, 98% used [0x00000000ee300000,0x00000000ef0c6120,0x00000000ef100000)
  to   space 18432K, 0% used [0x00000000ed000000,0x00000000ed000000,0x00000000ee200000)
 ParOldGen       total 104448K, used 70004K [0x00000000c0000000, 0x00000000c6600000, 0x00000000eab00000)
  object space 104448K, 67% used [0x00000000c0000000,0x00000000c445d278,0x00000000c6600000)
 Metaspace       used 14399K, capacity 14584K, committed 14848K, reserved 1062912K
  class space    used 1852K, capacity 1941K, committed 2048K, reserved 1048576K
}
Event: 2,520 GC heap before
{Heap before GC invocations=9 (full 2):
 PSYoungGen      total 52224K, used 51908K [0x00000000eab00000, 0x00000000ef400000, 0x0000000100000000)
  eden space 37888K, 99% used [0x00000000eab00000,0x00000000ecfeb0c0,0x00000000ed000000)
  from space 14336K, 98% used [0x00000000ee300000,0x00000000ef0c6120,0x00000000ef100000)
  to   space 18432K, 0% used [0x00000000ed000000,0x00000000ed000000,0x00000000ee200000)
 ParOldGen       total 104448K, used 70004K [0x00000000c0000000, 0x00000000c6600000, 0x00000000eab00000)
  object space 104448K, 67% used [0x00000000c0000000,0x00000000c445d278,0x00000000c6600000)
 Metaspace       used 14594K, capacity 14814K, committed 15104K, reserved 1062912K
  class space    used 1875K, capacity 1974K, committed 2048K, reserved 1048576K
Event: 2,589 GC heap after
Heap after GC invocations=9 (full 2):
 PSYoungGen      total 56320K, used 18228K [0x00000000eab00000, 0x00000000f1280000, 0x0000000100000000)
  eden space 37888K, 0% used [0x00000000eab00000,0x00000000eab00000,0x00000000ed000000)
  from space 18432K, 98% used [0x00000000ed000000,0x00000000ee1cd170,0x00000000ee200000)
  to   space 23040K, 0% used [0x00000000efc00000,0x00000000efc00000,0x00000000f1280000)
 ParOldGen       total 104448K, used 101993K [0x00000000c0000000, 0x00000000c6600000, 0x00000000eab00000)
  object space 104448K, 97% used [0x00000000c0000000,0x00000000c639a508,0x00000000c6600000)
 Metaspace       used 14594K, capacity 14814K, committed 15104K, reserved 1062912K
  class space    used 1875K, capacity 1974K, committed 2048K, reserved 1048576K
}
Event: 2,589 GC heap before
{Heap before GC invocations=10 (full 3):
 PSYoungGen      total 56320K, used 18228K [0x00000000eab00000, 0x00000000f1280000, 0x0000000100000000)
  eden space 37888K, 0% used [0x00000000eab00000,0x00000000eab00000,0x00000000ed000000)
  from space 18432K, 98% used [0x00000000ed000000,0x00000000ee1cd170,0x00000000ee200000)
  to   space 23040K, 0% used [0x00000000efc00000,0x00000000efc00000,0x00000000f1280000)
 ParOldGen       total 104448K, used 101993K [0x00000000c0000000, 0x00000000c6600000, 0x00000000eab00000)
  object space 104448K, 97% used [0x00000000c0000000,0x00000000c639a508,0x00000000c6600000)
 Metaspace       used 14594K, capacity 14814K, committed 15104K, reserved 1062912K
  class space    used 1875K, capacity 1974K, committed 2048K, reserved 1048576K
Event: 2,712 GC heap after
Heap after GC invocations=10 (full 3):
 PSYoungGen      total 56320K, used 15779K [0x00000000eab00000, 0x00000000f1280000, 0x0000000100000000)
  eden space 37888K, 0% used [0x00000000eab00000,0x00000000eab00000,0x00000000ed000000)
  from space 18432K, 85% used [0x00000000ed000000,0x00000000edf68e88,0x00000000ee200000)
  to   space 23040K, 0% used [0x00000000efc00000,0x00000000efc00000,0x00000000f1280000)
 ParOldGen       total 161792K, used 104350K [0x00000000c0000000, 0x00000000c9e00000, 0x00000000eab00000)
  object space 161792K, 64% used [0x00000000c0000000,0x00000000c65e7990,0x00000000c9e00000)
 Metaspace       used 14594K, capacity 14814K, committed 15104K, reserved 1062912K
  class space    used 1875K, capacity 1974K, committed 2048K, reserved 1048576K
}

Deoptimization events (10 events):
Event: 1,248 Thread 0x00007f9068231800 Uncommon trap: reason=class_check action=maybe_recompile pc=0x00007f90a92115e4 method=java.io.DataInputStream.readByte()B @ 4
Event: 1,248 Thread 0x00007f9068231800 Uncommon trap: reason=class_check action=maybe_recompile pc=0x00007f90a92115e4 method=java.io.DataInputStream.readByte()B @ 4
Event: 1,248 Thread 0x00007f9068231800 Uncommon trap: reason=class_check action=maybe_recompile pc=0x00007f90a92115e4 method=java.io.DataInputStream.readByte()B @ 4
Event: 1,248 Thread 0x00007f9068231800 Uncommon trap: reason=class_check action=maybe_recompile pc=0x00007f90a92115e4 method=java.io.DataInputStream.readByte()B @ 4
Event: 3,292 Thread 0x00007f90b81af800 Uncommon trap: reason=class_check action=maybe_recompile pc=0x00007f90a929e8c4 method=java.util.HashMap.putVal(ILjava/lang/Object;Ljava/lang/Object;ZZ)Ljava/lang/Object; @ 91
Event: 3,344 Thread 0x00007f90b81af800 Uncommon trap: reason=class_check action=maybe_recompile pc=0x00007f90a929e8c4 method=java.util.HashMap.putVal(ILjava/lang/Object;Ljava/lang/Object;ZZ)Ljava/lang/Object; @ 91
Event: 3,345 Thread 0x00007f90b81af800 Uncommon trap: reason=class_check action=maybe_recompile pc=0x00007f90a929e8c4 method=java.util.HashMap.putVal(ILjava/lang/Object;Ljava/lang/Object;ZZ)Ljava/lang/Object; @ 91
Event: 3,417 Thread 0x00007f90b81a8800 Uncommon trap: reason=unstable_if action=reinterpret pc=0x00007f90a93403e8 method=sun.awt.SunToolkit.getAppContext(Ljava/lang/Object;)Lsun/awt/AppContext; @ 4
Event: 5,460 Thread 0x00007f90b81af800 Uncommon trap: reason=unstable_if action=reinterpret pc=0x00007f90a9477f90 method=sun.font.FontDesignMetrics.stringWidth(Ljava/lang/String;)I @ 69
Event: 5,462 Thread 0x00007f90b81af800 Uncommon trap: reason=unstable_if action=reinterpret pc=0x00007f90a948497c method=sun.font.FontUtilities.isComplexText([CII)Z @ 4

Internal exceptions (10 events):
Event: 0,227 Thread 0x00007f90b800a000 Exception <a 'java/security/PrivilegedActionException'> (0x00000000eabba848) thrown at [/HUDSON/workspace/8-2-build-linux-amd64/jdk8u72/5732/hotspot/src/share/vm/prims/jvm.cpp, line 1386]
Event: 0,230 Thread 0x00007f90b800a000 Exception <a 'java/security/PrivilegedActionException'> (0x00000000eabbce70) thrown at [/HUDSON/workspace/8-2-build-linux-amd64/jdk8u72/5732/hotspot/src/share/vm/prims/jvm.cpp, line 1386]
Event: 0,230 Thread 0x00007f90b800a000 Exception <a 'java/security/PrivilegedActionException'> (0x00000000eabbd268) thrown at [/HUDSON/workspace/8-2-build-linux-amd64/jdk8u72/5732/hotspot/src/share/vm/prims/jvm.cpp, line 1386]
Event: 0,442 Thread 0x00007f90b800a000 Exception <a 'java/lang/NoSuchFieldError': method resolution failed> (0x00000000eac89768) thrown at [/HUDSON/workspace/8-2-build-linux-amd64/jdk8u72/5732/hotspot/src/share/vm/prims/methodHandles.cpp, line 1146]
Event: 0,452 Thread 0x00007f90b800a000 Exception <a 'java/lang/NoSuchFieldError': method resolution failed> (0x00000000eac96f38) thrown at [/HUDSON/workspace/8-2-build-linux-amd64/jdk8u72/5732/hotspot/src/share/vm/prims/methodHandles.cpp, line 1146]
Event: 0,497 Thread 0x00007f90b800a000 Exception <a 'java/io/FileNotFoundException'> (0x00000000ead17348) thrown at [/HUDSON/workspace/8-2-build-linux-amd64/jdk8u72/5732/hotspot/src/share/vm/prims/jni.cpp, line 709]
Event: 0,497 Thread 0x00007f90b800a000 Exception <a 'java/io/FileNotFoundException'> (0x00000000ead17cf8) thrown at [/HUDSON/workspace/8-2-build-linux-amd64/jdk8u72/5732/hotspot/src/share/vm/prims/jni.cpp, line 709]
Event: 0,504 Thread 0x00007f90b800a000 Implicit null exception at 0x00007f90a9166fe2 to 0x00007f90a91671b5
Event: 3,810 Thread 0x00007f90b81af800 Exception <a 'java/lang/UnsupportedOperationException': > (0x00000000ec697eb8) thrown at [/HUDSON/workspace/8-2-build-linux-amd64/jdk8u72/5732/hotspot/src/share/vm/prims/jni.cpp, line 735]
Event: 5,575 Thread 0x00007f90b81af800 Implicit null exception at 0x00007f90a94a882d to 0x0000000000000000

Events (10 events):
Event: 5,458 Thread 0x00007f90b81af800 DEOPT PACKING pc=0x00007f90a947b612 sp=0x00007f90a0bafc30
Event: 5,458 Thread 0x00007f90b81af800 DEOPT UNPACKING pc=0x00007f90a9046f73 sp=0x00007f90a0baf9e0 mode 0
Event: 5,460 Thread 0x00007f90b81af800 Uncommon trap: trap_request=0xffffff65 fr.pc=0x00007f90a9477f90
Event: 5,460 Thread 0x00007f90b81af800 DEOPT PACKING pc=0x00007f90a9477f90 sp=0x00007f90a0bafca0
Event: 5,460 Thread 0x00007f90b81af800 DEOPT UNPACKING pc=0x00007f90a9004f69 sp=0x00007f90a0bafc60 mode 2
Event: 5,462 Thread 0x00007f90b81af800 DEOPT PACKING pc=0x00007f90a947590a sp=0x00007f90a0bafc00
Event: 5,462 Thread 0x00007f90b81af800 DEOPT UNPACKING pc=0x00007f90a9046f73 sp=0x00007f90a0baf968 mode 0
Event: 5,462 Thread 0x00007f90b81af800 Uncommon trap: trap_request=0xffffff65 fr.pc=0x00007f90a948497c
Event: 5,462 Thread 0x00007f90b81af800 DEOPT PACKING pc=0x00007f90a948497c sp=0x00007f90a0bafc20
Event: 5,462 Thread 0x00007f90b81af800 DEOPT UNPACKING pc=0x00007f90a9004f69 sp=0x00007f90a0bafbe8 mode 2


Dynamic libraries:
00400000-00401000 r-xp 00000000 08:06 3936587                            /usr/lib/jvm/java-8-oracle/bin/java
00600000-00601000 rw-p 00000000 08:06 3936587                            /usr/lib/jvm/java-8-oracle/bin/java
007f1000-00812000 rw-p 00000000 00:00 0                                  [heap]
c0000000-c9e00000 rw-p 00000000 00:00 0 
c9e00000-eab00000 ---p 00000000 00:00 0 
eab00000-f1280000 rw-p 00000000 00:00 0 
f1280000-100000000 ---p 00000000 00:00 0 
100000000-100240000 rw-p 00000000 00:00 0 
100240000-140000000 ---p 00000000 00:00 0 
7f9068000000-7f906946f000 rw-p 00000000 00:00 0 
7f906946f000-7f906c000000 ---p 00000000 00:00 0 
7f906ef3e000-7f906ef68000 r-xp 00000000 08:06 3704483                    /usr/lib/jvm/java-8-oracle/jre/lib/amd64/libdcpr.so
7f906ef68000-7f906f168000 ---p 0002a000 08:06 3704483                    /usr/lib/jvm/java-8-oracle/jre/lib/amd64/libdcpr.so
7f906f168000-7f906f16b000 rw-p 0002a000 08:06 3704483                    /usr/lib/jvm/java-8-oracle/jre/lib/amd64/libdcpr.so
7f906f16b000-7f906f22b000 rw-p 00000000 00:00 0 
7f906f22b000-7f906f36e000 ---p 00000000 00:00 0 
7f906f36e000-7f906f46c000 rw-p 00000000 00:00 0 
7f906f46c000-7f906f46f000 ---p 00000000 00:00 0 
7f906f46f000-7f906f76d000 rw-p 00000000 00:00 0                          [stack:9512]
7f906f76d000-7f906f770000 ---p 00000000 00:00 0 
7f906f770000-7f906f86e000 rw-p 00000000 00:00 0                          [stack:9510]
7f906f86e000-7f906f871000 ---p 00000000 00:00 0 
7f906f871000-7f906fb6f000 rw-p 00000000 00:00 0                          [stack:9509]
7f906fb6f000-7f906fbd8000 r-xp 00000000 08:06 3704428                    /usr/lib/jvm/java-8-oracle/jre/lib/amd64/libt2k.so
7f906fbd8000-7f906fdd8000 ---p 00069000 08:06 3704428                    /usr/lib/jvm/java-8-oracle/jre/lib/amd64/libt2k.so
7f906fdd8000-7f906fddf000 rw-p 00069000 08:06 3704428                    /usr/lib/jvm/java-8-oracle/jre/lib/amd64/libt2k.so
7f906fddf000-7f906fdef000 rw-p 00000000 00:00 0 
7f906fdef000-7f906fe00000 r-xp 00000000 08:06 3704456                    /usr/lib/jvm/java-8-oracle/jre/lib/amd64/libnio.so
7f906fe00000-7f906ffff000 ---p 00011000 08:06 3704456                    /usr/lib/jvm/java-8-oracle/jre/lib/amd64/libnio.so
7f906ffff000-7f9070000000 rw-p 00010000 08:06 3704456                    /usr/lib/jvm/java-8-oracle/jre/lib/amd64/libnio.so
7f9070000000-7f9070031000 rw-p 00000000 00:00 0 
7f9070031000-7f9074000000 ---p 00000000 00:00 0 
7f9074000000-7f9074025000 rw-p 00000000 00:00 0 
7f9074025000-7f9078000000 ---p 00000000 00:00 0 
7f9078000000-7f9078021000 rw-p 00000000 00:00 0 
7f9078021000-7f907c000000 ---p 00000000 00:00 0 
7f907c000000-7f907c021000 rw-p 00000000 00:00 0 
7f907c021000-7f9080000000 ---p 00000000 00:00 0 
7f9080000000-7f90803b7000 rw-p 00000000 00:00 0 
7f90803b7000-7f9084000000 ---p 00000000 00:00 0 
7f9084000000-7f9084021000 rw-p 00000000 00:00 0 
7f9084021000-7f9088000000 ---p 00000000 00:00 0 
7f9088000000-7f9088021000 rw-p 00000000 00:00 0 
7f9088021000-7f908c000000 ---p 00000000 00:00 0 
7f908c000000-7f908c27e000 rw-p 00000000 00:00 0 
7f908c27e000-7f9090000000 ---p 00000000 00:00 0 
7f9090000000-7f9090021000 rw-p 00000000 00:00 0 
7f9090021000-7f9094000000 ---p 00000000 00:00 0 
7f9094000000-7f9094021000 rw-p 00000000 00:00 0 
7f9094021000-7f9098000000 ---p 00000000 00:00 0 
7f9098000000-7f9098021000 rw-p 00000000 00:00 0 
7f9098021000-7f909c000000 ---p 00000000 00:00 0 
7f909c000000-7f909c021000 rw-p 00000000 00:00 0 
7f909c021000-7f90a0000000 ---p 00000000 00:00 0 
7f90a0018000-7f90a001b000 ---p 00000000 00:00 0 
7f90a001b000-7f90a0119000 rw-p 00000000 00:00 0                          [stack:9508]
7f90a0119000-7f90a0124000 r--s 00000000 08:06 420338                     /var/cache/fontconfig/945677eb7aeaf62f1d50efc3fb3ec7d8-le64.cache-4
7f90a0124000-7f90a012d000 r--s 00000000 08:06 421719                     /var/cache/fontconfig/a6d8cf8e4ec09cdbc8633c31745a07dd-le64.cache-4
7f90a012d000-7f90a0133000 r--s 00000000 08:06 420324                     /var/cache/fontconfig/2cd17615ca594fa2959ae173292e504c-le64.cache-4
7f90a0133000-7f90a016e000 r--s 00000000 08:06 420616                     /var/cache/fontconfig/365b55f210c0a22e9a19e35191240f32-le64.cache-4
7f90a01aa000-7f90a01ab000 r--s 00000000 08:06 420344                     /var/cache/fontconfig/c05880de57d1f5e948fdfacc138775d9-le64.cache-4
7f90a01ab000-7f90a01b6000 r--s 00000000 08:06 420338                     /var/cache/fontconfig/945677eb7aeaf62f1d50efc3fb3ec7d8-le64.cache-4
7f90a01b6000-7f90a01b8000 r--s 00000000 08:06 421721                     /var/cache/fontconfig/99e8ed0e538f840c565b6ed5dad60d56-le64.cache-4
7f90a01b8000-7f90a01c1000 r--s 00000000 08:06 421719                     /var/cache/fontconfig/a6d8cf8e4ec09cdbc8633c31745a07dd-le64.cache-4
7f90a01c1000-7f90a01c7000 r--s 00000000 08:06 420324                     /var/cache/fontconfig/2cd17615ca594fa2959ae173292e504c-le64.cache-4
7f90a01c7000-7f90a01c8000 r--s 00000000 08:06 420354                     /var/cache/fontconfig/e7071f4a29fa870f4323321c154eba04-le64.cache-4
7f90a01c8000-7f90a01c9000 r--s 00000000 08:06 420321                     /var/cache/fontconfig/0d8c3b2ac0904cb8a57a757ad11a4a08-le64.cache-4
7f90a01c9000-7f90a01d0000 r--s 00000000 08:06 420341                     /var/cache/fontconfig/a755afe4a08bf5b97852ceb7400b47bc-le64.cache-4
7f90a01d0000-7f90a01d4000 r--s 00000000 08:06 425855                     /var/cache/fontconfig/6d41288fd70b0be22e8c3a91e032eec0-le64.cache-4
7f90a01d4000-7f90a01e8000 r--s 00000000 08:06 420319                     /var/cache/fontconfig/04aabc0a78ac019cf9454389977116d2-le64.cache-4
7f90a01e8000-7f90a01e9000 r--s 00000000 08:06 420323                     /var/cache/fontconfig/1ac9eb803944fde146138c791f5cc56a-le64.cache-4
7f90a01e9000-7f90a01ed000 r--s 00000000 08:06 420327                     /var/cache/fontconfig/385c0604a188198f04d133e54aba7fe7-le64.cache-4
7f90a01ed000-7f90a01ee000 r--s 00000000 08:06 420351                     /var/cache/fontconfig/dc05db6664285cc2f12bf69c139ae4c3-le64.cache-4
7f90a01ee000-7f90a01f0000 r--s 00000000 08:06 420335                     /var/cache/fontconfig/767a8244fc0220cfb567a839d0392e0b-le64.cache-4
7f90a01f0000-7f90a01f2000 r--s 00000000 08:06 421715                     /var/cache/fontconfig/2fe16cf53f8bd2da9ea33d9eb6e69eee-le64.cache-4
7f90a01f2000-7f90a01f3000 r--s 00000000 08:06 395608                     /var/cache/fontconfig/4794a0821666d79190d59a36cb4f44b5-le64.cache-4
7f90a01f3000-7f90a01f8000 r--s 00000000 08:06 420337                     /var/cache/fontconfig/8801497958630a81b71ace7c5f9b32a8-le64.cache-4
7f90a01f8000-7f90a0233000 r--s 00000000 08:06 420616                     /var/cache/fontconfig/365b55f210c0a22e9a19e35191240f32-le64.cache-4
7f90a0233000-7f90a023a000 r--s 00000000 08:06 420325                     /var/cache/fontconfig/3047814df9a2f067bd2d96a2b9c36e5a-le64.cache-4
7f90a023a000-7f90a0240000 r--s 00000000 08:06 420342                     /var/cache/fontconfig/b47c4e1ecd0709278f4910c18777a504-le64.cache-4
7f90a0240000-7f90a0253000 r--s 00000000 08:06 420348                     /var/cache/fontconfig/d52a8644073d54c13679302ca1180695-le64.cache-4
7f90a0273000-7f90a0275000 rw-p 00000000 00:00 0 
7f90a0275000-7f90a0278000 rw-s 00000000 00:04 8814644                    /SYSV00000000 (deleted)
7f90a0278000-7f90a028e000 r-xp 00000000 08:06 3704452                    /usr/lib/jvm/java-8-oracle/jre/lib/amd64/libnet.so
7f90a028e000-7f90a048e000 ---p 00016000 08:06 3704452                    /usr/lib/jvm/java-8-oracle/jre/lib/amd64/libnet.so
7f90a048e000-7f90a048f000 rw-p 00016000 08:06 3704452                    /usr/lib/jvm/java-8-oracle/jre/lib/amd64/libnet.so
7f90a048f000-7f90a0490000 r--s 00000000 08:06 420331                     /var/cache/fontconfig/56cf4f4769d0f4abc89a4895d7bd3ae1-le64.cache-4
7f90a0490000-7f90a0491000 r--s 00000000 08:06 420343                     /var/cache/fontconfig/b9d506c9ac06c20b433354fa67a72993-le64.cache-4
7f90a0491000-7f90a049a000 r--s 00000000 08:06 420457                     /var/cache/fontconfig/52f7bdb7ce746bfd7eaa1985bd9cfa93-le64.cache-4
7f90a049a000-7f90a04a3000 r--s 00000000 08:06 417248                     /var/cache/fontconfig/3f7329c5293ffd510edef78f73874cfd-le64.cache-4
7f90a04a3000-7f90a04a7000 r--s 00000000 08:06 420349                     /var/cache/fontconfig/d589a48862398ed80a3d6066f4f56f4c-le64.cache-4
7f90a04a7000-7f90a04a8000 r--s 00000000 08:06 420320                     /var/cache/fontconfig/0c9eb80ebd1c36541ebe2852d3bb0c49-le64.cache-4
7f90a04a8000-7f90a04b5000 r--s 00000000 08:06 421717                     /var/cache/fontconfig/e13b20fdb08344e0e664864cc2ede53d-le64.cache-4
7f90a04b5000-7f90a04b9000 r--s 00000000 08:06 425854                     /var/cache/fontconfig/7ef2298fde41cc6eeb7af42e48b7d293-le64.cache-4
7f90a04b9000-7f90a04cb000 r--s 00345000 08:06 3705725                    /usr/lib/jvm/java-8-oracle/jre/lib/resources.jar
7f90a04cb000-7f90a06cb000 rw-p 00000000 00:00 0 
7f90a06cb000-7f90a0784000 r-xp 00000000 08:06 1835616                    /tmp/sqlite-3.8.11.2-45301e93-85c1-4953-b312-2189bfe3007c-libsqlitejdbc.so
7f90a0784000-7f90a0984000 ---p 000b9000 08:06 1835616                    /tmp/sqlite-3.8.11.2-45301e93-85c1-4953-b312-2189bfe3007c-libsqlitejdbc.so
7f90a0984000-7f90a0989000 rw-p 000b9000 08:06 1835616                    /tmp/sqlite-3.8.11.2-45301e93-85c1-4953-b312-2189bfe3007c-libsqlitejdbc.so
7f90a0989000-7f90a098d000 r--s 00097000 08:06 3704415                    /usr/lib/jvm/java-8-oracle/jre/lib/jsse.jar
7f90a098d000-7f90a099e000 r--s 0016f000 08:06 3939387                    /home/rifky/workspace/eeg/jfreechart-1.0.19/lib/jfreechart-1.0.19.jar
7f90a099e000-7f90a09a4000 r--s 0004b000 08:06 3939384                    /home/rifky/workspace/eeg/jfreechart-1.0.19/lib/jcommon-1.0.23.jar
7f90a09a4000-7f90a09a7000 ---p 00000000 00:00 0 
7f90a09a7000-7f90a0aa5000 rw-p 00000000 00:00 0                          [stack:9507]
7f90a0aa5000-7f90a0aaa000 r--s 0054d000 08:06 1993949                    /home/rifky/workspace/eeg/sqlite-jdbc-3.8.11.2.jar
7f90a0aaa000-7f90a0ab4000 r--s 000e7000 08:06 3939313                    /home/rifky/workspace/eeg/mysql-connector-java-5.1.38-bin.jar
7f90a0ab4000-7f90a0ab7000 ---p 00000000 00:00 0 
7f90a0ab7000-7f90a0bb5000 rw-p 00000000 00:00 0                          [stack:9506]
7f90a0bb5000-7f90a0bb8000 ---p 00000000 00:00 0 
7f90a0bb8000-7f90a0cb6000 rw-p 00000000 00:00 0                          [stack:9505]
7f90a0cb6000-7f90a0cb9000 ---p 00000000 00:00 0 
7f90a0cb9000-7f90a0db7000 rw-p 00000000 00:00 0                          [stack:9504]
7f90a0db7000-7f90a0dbc000 r-xp 00000000 08:06 3673750                    /usr/lib/x86_64-linux-gnu/libXfixes.so.3.1.0
7f90a0dbc000-7f90a0fbb000 ---p 00005000 08:06 3673750                    /usr/lib/x86_64-linux-gnu/libXfixes.so.3.1.0
7f90a0fbb000-7f90a0fbc000 r--p 00004000 08:06 3673750                    /usr/lib/x86_64-linux-gnu/libXfixes.so.3.1.0
7f90a0fbc000-7f90a0fbd000 rw-p 00005000 08:06 3673750                    /usr/lib/x86_64-linux-gnu/libXfixes.so.3.1.0
7f90a0fbd000-7f90a0fc6000 r-xp 00000000 08:06 3678978                    /usr/lib/x86_64-linux-gnu/libXcursor.so.1.0.2
7f90a0fc6000-7f90a11c5000 ---p 00009000 08:06 3678978                    /usr/lib/x86_64-linux-gnu/libXcursor.so.1.0.2
7f90a11c5000-7f90a11c6000 r--p 00008000 08:06 3678978                    /usr/lib/x86_64-linux-gnu/libXcursor.so.1.0.2
7f90a11c6000-7f90a11c7000 rw-p 00009000 08:06 3678978                    /usr/lib/x86_64-linux-gnu/libXcursor.so.1.0.2
7f90a11c7000-7f90a11ca000 ---p 00000000 00:00 0 
7f90a11ca000-7f90a12c8000 rw-p 00000000 00:00 0                          [stack:9503]
7f90a12c8000-7f90a12de000 r-xp 00000000 08:06 3146801                    /lib/x86_64-linux-gnu/libgcc_s.so.1
7f90a12de000-7f90a14dd000 ---p 00016000 08:06 3146801                    /lib/x86_64-linux-gnu/libgcc_s.so.1
7f90a14dd000-7f90a14de000 rw-p 00015000 08:06 3146801                    /lib/x86_64-linux-gnu/libgcc_s.so.1
7f90a14de000-7f90a1543000 r-xp 00000000 08:06 3704440                    /usr/lib/jvm/java-8-oracle/jre/lib/amd64/libfontmanager.so
7f90a1543000-7f90a1742000 ---p 00065000 08:06 3704440                    /usr/lib/jvm/java-8-oracle/jre/lib/amd64/libfontmanager.so
7f90a1742000-7f90a1747000 rw-p 00064000 08:06 3704440                    /usr/lib/jvm/java-8-oracle/jre/lib/amd64/libfontmanager.so
7f90a1747000-7f90a1757000 rw-p 00000000 00:00 0 
7f90a1757000-7f90a175c000 r-xp 00000000 08:06 3678982                    /usr/lib/x86_64-linux-gnu/libXdmcp.so.6.0.0
7f90a175c000-7f90a195b000 ---p 00005000 08:06 3678982                    /usr/lib/x86_64-linux-gnu/libXdmcp.so.6.0.0
7f90a195b000-7f90a195c000 r--p 00004000 08:06 3678982                    /usr/lib/x86_64-linux-gnu/libXdmcp.so.6.0.0
7f90a195c000-7f90a195d000 rw-p 00005000 08:06 3678982                    /usr/lib/x86_64-linux-gnu/libXdmcp.so.6.0.0
7f90a195d000-7f90a195f000 r-xp 00000000 08:06 3678971                    /usr/lib/x86_64-linux-gnu/libXau.so.6.0.0
7f90a195f000-7f90a1b5f000 ---p 00002000 08:06 3678971                    /usr/lib/x86_64-linux-gnu/libXau.so.6.0.0
7f90a1b5f000-7f90a1b60000 r--p 00002000 08:06 3678971                    /usr/lib/x86_64-linux-gnu/libXau.so.6.0.0
7f90a1b60000-7f90a1b61000 rw-p 00003000 08:06 3678971                    /usr/lib/x86_64-linux-gnu/libXau.so.6.0.0
7f90a1b61000-7f90a1b7e000 r-xp 00000000 08:06 3680039                    /usr/lib/x86_64-linux-gnu/libxcb.so.1.1.0
7f90a1b7e000-7f90a1d7e000 ---p 0001d000 08:06 3680039                    /usr/lib/x86_64-linux-gnu/libxcb.so.1.1.0
7f90a1d7e000-7f90a1d7f000 r--p 0001d000 08:06 3680039                    /usr/lib/x86_64-linux-gnu/libxcb.so.1.1.0
7f90a1d7f000-7f90a1d80000 rw-p 0001e000 08:06 3680039                    /usr/lib/x86_64-linux-gnu/libxcb.so.1.1.0
7f90a1d80000-7f90a1d8f000 r-xp 00000000 08:06 3673752                    /usr/lib/x86_64-linux-gnu/libXi.so.6.1.0
7f90a1d8f000-7f90a1f8e000 ---p 0000f000 08:06 3673752                    /usr/lib/x86_64-linux-gnu/libXi.so.6.1.0
7f90a1f8e000-7f90a1f8f000 r--p 0000e000 08:06 3673752                    /usr/lib/x86_64-linux-gnu/libXi.so.6.1.0
7f90a1f8f000-7f90a1f90000 rw-p 0000f000 08:06 3673752                    /usr/lib/x86_64-linux-gnu/libXi.so.6.1.0
7f90a1f90000-7f90a1f95000 r-xp 00000000 08:06 3679012                    /usr/lib/x86_64-linux-gnu/libXtst.so.6.1.0
7f90a1f95000-7f90a2194000 ---p 00005000 08:06 3679012                    /usr/lib/x86_64-linux-gnu/libXtst.so.6.1.0
7f90a2194000-7f90a2195000 r--p 00004000 08:06 3679012                    /usr/lib/x86_64-linux-gnu/libXtst.so.6.1.0
7f90a2195000-7f90a2196000 rw-p 00005000 08:06 3679012                    /usr/lib/x86_64-linux-gnu/libXtst.so.6.1.0
7f90a2196000-7f90a219f000 r-xp 00000000 08:06 3670496                    /usr/lib/x86_64-linux-gnu/libXrender.so.1.3.0
7f90a219f000-7f90a239e000 ---p 00009000 08:06 3670496                    /usr/lib/x86_64-linux-gnu/libXrender.so.1.3.0
7f90a239e000-7f90a239f000 r--p 00008000 08:06 3670496                    /usr/lib/x86_64-linux-gnu/libXrender.so.1.3.0
7f90a239f000-7f90a23a0000 rw-p 00009000 08:06 3670496                    /usr/lib/x86_64-linux-gnu/libXrender.so.1.3.0
7f90a23a0000-7f90a24d0000 r-xp 00000000 08:06 3678967                    /usr/lib/x86_64-linux-gnu/libX11.so.6.3.0
7f90a24d0000-7f90a26d0000 ---p 00130000 08:06 3678967                    /usr/lib/x86_64-linux-gnu/libX11.so.6.3.0
7f90a26d0000-7f90a26d1000 r--p 00130000 08:06 3678967                    /usr/lib/x86_64-linux-gnu/libX11.so.6.3.0
7f90a26d1000-7f90a26d5000 rw-p 00131000 08:06 3678967                    /usr/lib/x86_64-linux-gnu/libX11.so.6.3.0
7f90a26d5000-7f90a26e6000 r-xp 00000000 08:06 3671224                    /usr/lib/x86_64-linux-gnu/libXext.so.6.4.0
7f90a26e6000-7f90a28e5000 ---p 00011000 08:06 3671224                    /usr/lib/x86_64-linux-gnu/libXext.so.6.4.0
7f90a28e5000-7f90a28e6000 r--p 00010000 08:06 3671224                    /usr/lib/x86_64-linux-gnu/libXext.so.6.4.0
7f90a28e6000-7f90a28e7000 rw-p 00011000 08:06 3671224                    /usr/lib/x86_64-linux-gnu/libXext.so.6.4.0
7f90a28e7000-7f90a293b000 r-xp 00000000 08:06 3704444                    /usr/lib/jvm/java-8-oracle/jre/lib/amd64/libawt_xawt.so
7f90a293b000-7f90a2b3b000 ---p 00054000 08:06 3704444                    /usr/lib/jvm/java-8-oracle/jre/lib/amd64/libawt_xawt.so
7f90a2b3b000-7f90a2b3f000 rw-p 00054000 08:06 3704444                    /usr/lib/jvm/java-8-oracle/jre/lib/amd64/libawt_xawt.so
7f90a2b3f000-7f90a2b40000 rw-p 00000000 00:00 0 
7f90a2b40000-7f90a2be2000 r-xp 00000000 08:06 3704450                    /usr/lib/jvm/java-8-oracle/jre/lib/amd64/libawt.so
7f90a2be2000-7f90a2de2000 ---p 000a2000 08:06 3704450                    /usr/lib/jvm/java-8-oracle/jre/lib/amd64/libawt.so
7f90a2de2000-7f90a2dee000 rw-p 000a2000 08:06 3704450                    /usr/lib/jvm/java-8-oracle/jre/lib/amd64/libawt.so
7f90a2dee000-7f90a2e12000 rw-p 00000000 00:00 0 
7f90a2e12000-7f90a2e13000 ---p 00000000 00:00 0 
7f90a2e13000-7f90a2f13000 rw-p 00000000 00:00 0                          [stack:9502]
7f90a2f13000-7f90a2f16000 ---p 00000000 00:00 0 
7f90a2f16000-7f90a3014000 rw-p 00000000 00:00 0                          [stack:9501]
7f90a3014000-7f90a3017000 ---p 00000000 00:00 0 
7f90a3017000-7f90a3115000 rw-p 00000000 00:00 0                          [stack:9500]
7f90a3115000-7f90a3118000 ---p 00000000 00:00 0 
7f90a3118000-7f90a3216000 rw-p 00000000 00:00 0                          [stack:9499]
7f90a3216000-7f90a3219000 ---p 00000000 00:00 0 
7f90a3219000-7f90a3317000 rw-p 00000000 00:00 0                          [stack:9498]
7f90a3317000-7f90a39fa000 r--p 00000000 08:06 3677829                    /usr/lib/locale/locale-archive
7f90a39fa000-7f90a39fd000 ---p 00000000 00:00 0 
7f90a39fd000-7f90a3afb000 rw-p 00000000 00:00 0                          [stack:9497]
7f90a3afb000-7f90a3afe000 ---p 00000000 00:00 0 
7f90a3afe000-7f90a3bfc000 rw-p 00000000 00:00 0                          [stack:9496]
7f90a3bfc000-7f90a3bfd000 ---p 00000000 00:00 0 
7f90a3bfd000-7f90a4000000 rw-p 00000000 00:00 0                          [stack:9495]
7f90a4000000-7f90a4021000 rw-p 00000000 00:00 0 
7f90a4021000-7f90a8000000 ---p 00000000 00:00 0 
7f90a8000000-7f90a8001000 r--s 00000000 08:06 420344                     /var/cache/fontconfig/c05880de57d1f5e948fdfacc138775d9-le64.cache-4
7f90a8001000-7f90a8003000 r--s 00000000 08:06 421721                     /var/cache/fontconfig/99e8ed0e538f840c565b6ed5dad60d56-le64.cache-4
7f90a8003000-7f90a800a000 r--s 00000000 08:06 420341                     /var/cache/fontconfig/a755afe4a08bf5b97852ceb7400b47bc-le64.cache-4
7f90a800a000-7f90a800e000 r--s 00000000 08:06 425855                     /var/cache/fontconfig/6d41288fd70b0be22e8c3a91e032eec0-le64.cache-4
7f90a800e000-7f90a8022000 r--s 00000000 08:06 420319                     /var/cache/fontconfig/04aabc0a78ac019cf9454389977116d2-le64.cache-4
7f90a8022000-7f90a8628000 rw-p 00000000 00:00 0 
7f90a8628000-7f90a8800000 r--s 03d1d000 08:06 3705766                    /usr/lib/jvm/java-8-oracle/jre/lib/rt.jar
7f90a8800000-7f90a9000000 rw-p 00000000 00:00 0 
7f90a9000000-7f90a94b0000 rwxp 00000000 00:00 0 
7f90a94b0000-7f90b8000000 ---p 00000000 00:00 0 
7f90b8000000-7f90b8208000 rw-p 00000000 00:00 0 
7f90b8208000-7f90bc000000 ---p 00000000 00:00 0 
7f90bc000000-7f90bc001000 r--s 00000000 08:06 420354                     /var/cache/fontconfig/e7071f4a29fa870f4323321c154eba04-le64.cache-4
7f90bc001000-7f90bc002000 r--s 00000000 08:06 420321                     /var/cache/fontconfig/0d8c3b2ac0904cb8a57a757ad11a4a08-le64.cache-4
7f90bc002000-7f90bc003000 r--s 00000000 08:06 420323                     /var/cache/fontconfig/1ac9eb803944fde146138c791f5cc56a-le64.cache-4
7f90bc003000-7f90bc007000 r--s 00000000 08:06 420327                     /var/cache/fontconfig/385c0604a188198f04d133e54aba7fe7-le64.cache-4
7f90bc007000-7f90bc008000 r--s 00000000 08:06 420351                     /var/cache/fontconfig/dc05db6664285cc2f12bf69c139ae4c3-le64.cache-4
7f90bc008000-7f90bc00a000 r--s 00000000 08:06 420335                     /var/cache/fontconfig/767a8244fc0220cfb567a839d0392e0b-le64.cache-4
7f90bc00a000-7f90bc00c000 r--s 00000000 08:06 421715                     /var/cache/fontconfig/2fe16cf53f8bd2da9ea33d9eb6e69eee-le64.cache-4
7f90bc00c000-7f90bc011000 r--s 00000000 08:06 420337                     /var/cache/fontconfig/8801497958630a81b71ace7c5f9b32a8-le64.cache-4
7f90bc011000-7f90bc018000 r--s 00000000 08:06 420325                     /var/cache/fontconfig/3047814df9a2f067bd2d96a2b9c36e5a-le64.cache-4
7f90bc018000-7f90bc01e000 r--s 00000000 08:06 420342                     /var/cache/fontconfig/b47c4e1ecd0709278f4910c18777a504-le64.cache-4
7f90bc01e000-7f90bc027000 r--s 00000000 08:06 420457                     /var/cache/fontconfig/52f7bdb7ce746bfd7eaa1985bd9cfa93-le64.cache-4
7f90bc027000-7f90bc03a000 r--s 00000000 08:06 420348                     /var/cache/fontconfig/d52a8644073d54c13679302ca1180695-le64.cache-4
7f90bc03a000-7f90bc047000 r--s 00000000 08:06 421717                     /var/cache/fontconfig/e13b20fdb08344e0e664864cc2ede53d-le64.cache-4
7f90bc047000-7f90be32d000 rw-p 00000000 00:00 0 
7f90be32d000-7f90be32e000 ---p 00000000 00:00 0 
7f90be32e000-7f90be42e000 rw-p 00000000 00:00 0                          [stack:9494]
7f90be42e000-7f90be42f000 ---p 00000000 00:00 0 
7f90be42f000-7f90be57e000 rw-p 00000000 00:00 0                          [stack:9492]
7f90be57e000-7f90be685000 ---p 00000000 00:00 0 
7f90be685000-7f90be6d4000 rw-p 00000000 00:00 0 
7f90be6d4000-7f90be7da000 ---p 00000000 00:00 0 
7f90be7da000-7f90be80f000 rw-p 00000000 00:00 0 
7f90be80f000-7f90be885000 ---p 00000000 00:00 0 
7f90be885000-7f90be899000 rw-p 00000000 00:00 0 
7f90be899000-7f90bec46000 ---p 00000000 00:00 0 
7f90bec46000-7f90bec60000 r-xp 00000000 08:06 3704445                    /usr/lib/jvm/java-8-oracle/jre/lib/amd64/libzip.so
7f90bec60000-7f90bee60000 ---p 0001a000 08:06 3704445                    /usr/lib/jvm/java-8-oracle/jre/lib/amd64/libzip.so
7f90bee60000-7f90bee61000 rw-p 0001a000 08:06 3704445                    /usr/lib/jvm/java-8-oracle/jre/lib/amd64/libzip.so
7f90bee61000-7f90bee6c000 r-xp 00000000 08:06 3146906                    /lib/x86_64-linux-gnu/libnss_files-2.19.so
7f90bee6c000-7f90bf06b000 ---p 0000b000 08:06 3146906                    /lib/x86_64-linux-gnu/libnss_files-2.19.so
7f90bf06b000-7f90bf06c000 r--p 0000a000 08:06 3146906                    /lib/x86_64-linux-gnu/libnss_files-2.19.so
7f90bf06c000-7f90bf06d000 rw-p 0000b000 08:06 3146906                    /lib/x86_64-linux-gnu/libnss_files-2.19.so
7f90bf06d000-7f90bf078000 r-xp 00000000 08:06 3146898                    /lib/x86_64-linux-gnu/libnss_nis-2.19.so
7f90bf078000-7f90bf277000 ---p 0000b000 08:06 3146898                    /lib/x86_64-linux-gnu/libnss_nis-2.19.so
7f90bf277000-7f90bf278000 r--p 0000a000 08:06 3146898                    /lib/x86_64-linux-gnu/libnss_nis-2.19.so
7f90bf278000-7f90bf279000 rw-p 0000b000 08:06 3146898                    /lib/x86_64-linux-gnu/libnss_nis-2.19.so
7f90bf279000-7f90bf290000 r-xp 00000000 08:06 3146894                    /lib/x86_64-linux-gnu/libnsl-2.19.so
7f90bf290000-7f90bf48f000 ---p 00017000 08:06 3146894                    /lib/x86_64-linux-gnu/libnsl-2.19.so
7f90bf48f000-7f90bf490000 r--p 00016000 08:06 3146894                    /lib/x86_64-linux-gnu/libnsl-2.19.so
7f90bf490000-7f90bf491000 rw-p 00017000 08:06 3146894                    /lib/x86_64-linux-gnu/libnsl-2.19.so
7f90bf491000-7f90bf493000 rw-p 00000000 00:00 0 
7f90bf493000-7f90bf49c000 r-xp 00000000 08:06 3146893                    /lib/x86_64-linux-gnu/libnss_compat-2.19.so
7f90bf49c000-7f90bf69b000 ---p 00009000 08:06 3146893                    /lib/x86_64-linux-gnu/libnss_compat-2.19.so
7f90bf69b000-7f90bf69c000 r--p 00008000 08:06 3146893                    /lib/x86_64-linux-gnu/libnss_compat-2.19.so
7f90bf69c000-7f90bf69d000 rw-p 00009000 08:06 3146893                    /lib/x86_64-linux-gnu/libnss_compat-2.19.so
7f90bf69d000-7f90bf6c7000 r-xp 00000000 08:06 3704482                    /usr/lib/jvm/java-8-oracle/jre/lib/amd64/libjava.so
7f90bf6c7000-7f90bf8c7000 ---p 0002a000 08:06 3704482                    /usr/lib/jvm/java-8-oracle/jre/lib/amd64/libjava.so
7f90bf8c7000-7f90bf8c9000 rw-p 0002a000 08:06 3704482                    /usr/lib/jvm/java-8-oracle/jre/lib/amd64/libjava.so
7f90bf8c9000-7f90bf8d6000 r-xp 00000000 08:06 3704448                    /usr/lib/jvm/java-8-oracle/jre/lib/amd64/libverify.so
7f90bf8d6000-7f90bfad6000 ---p 0000d000 08:06 3704448                    /usr/lib/jvm/java-8-oracle/jre/lib/amd64/libverify.so
7f90bfad6000-7f90bfad8000 rw-p 0000d000 08:06 3704448                    /usr/lib/jvm/java-8-oracle/jre/lib/amd64/libverify.so
7f90bfad8000-7f90bfadf000 r-xp 00000000 08:06 3146902                    /lib/x86_64-linux-gnu/librt-2.19.so
7f90bfadf000-7f90bfcde000 ---p 00007000 08:06 3146902                    /lib/x86_64-linux-gnu/librt-2.19.so
7f90bfcde000-7f90bfcdf000 r--p 00006000 08:06 3146902                    /lib/x86_64-linux-gnu/librt-2.19.so
7f90bfcdf000-7f90bfce0000 rw-p 00007000 08:06 3146902                    /lib/x86_64-linux-gnu/librt-2.19.so
7f90bfce0000-7f90bfde5000 r-xp 00000000 08:06 3146888                    /lib/x86_64-linux-gnu/libm-2.19.so
7f90bfde5000-7f90bffe4000 ---p 00105000 08:06 3146888                    /lib/x86_64-linux-gnu/libm-2.19.so
7f90bffe4000-7f90bffe5000 r--p 00104000 08:06 3146888                    /lib/x86_64-linux-gnu/libm-2.19.so
7f90bffe5000-7f90bffe6000 rw-p 00105000 08:06 3146888                    /lib/x86_64-linux-gnu/libm-2.19.so
7f90bffe6000-7f90c0ca5000 r-xp 00000000 08:06 3704423                    /usr/lib/jvm/java-8-oracle/jre/lib/amd64/server/libjvm.so
7f90c0ca5000-7f90c0ea4000 ---p 00cbf000 08:06 3704423                    /usr/lib/jvm/java-8-oracle/jre/lib/amd64/server/libjvm.so
7f90c0ea4000-7f90c0f7d000 rw-p 00cbe000 08:06 3704423                    /usr/lib/jvm/java-8-oracle/jre/lib/amd64/server/libjvm.so
7f90c0f7d000-7f90c0fc6000 rw-p 00000000 00:00 0 
7f90c0fc6000-7f90c1181000 r-xp 00000000 08:06 3146903                    /lib/x86_64-linux-gnu/libc-2.19.so
7f90c1181000-7f90c1380000 ---p 001bb000 08:06 3146903                    /lib/x86_64-linux-gnu/libc-2.19.so
7f90c1380000-7f90c1384000 r--p 001ba000 08:06 3146903                    /lib/x86_64-linux-gnu/libc-2.19.so
7f90c1384000-7f90c1386000 rw-p 001be000 08:06 3146903                    /lib/x86_64-linux-gnu/libc-2.19.so
7f90c1386000-7f90c138b000 rw-p 00000000 00:00 0 
7f90c138b000-7f90c138e000 r-xp 00000000 08:06 3146890                    /lib/x86_64-linux-gnu/libdl-2.19.so
7f90c138e000-7f90c158d000 ---p 00003000 08:06 3146890                    /lib/x86_64-linux-gnu/libdl-2.19.so
7f90c158d000-7f90c158e000 r--p 00002000 08:06 3146890                    /lib/x86_64-linux-gnu/libdl-2.19.so
7f90c158e000-7f90c158f000 rw-p 00003000 08:06 3146890                    /lib/x86_64-linux-gnu/libdl-2.19.so
7f90c158f000-7f90c15a4000 r-xp 00000000 08:06 3704368                    /usr/lib/jvm/java-8-oracle/lib/amd64/jli/libjli.so
7f90c15a4000-7f90c17a4000 ---p 00015000 08:06 3704368                    /usr/lib/jvm/java-8-oracle/lib/amd64/jli/libjli.so
7f90c17a4000-7f90c17a5000 rw-p 00015000 08:06 3704368                    /usr/lib/jvm/java-8-oracle/lib/amd64/jli/libjli.so
7f90c17a5000-7f90c17be000 r-xp 00000000 08:06 3146895                    /lib/x86_64-linux-gnu/libpthread-2.19.so
7f90c17be000-7f90c19bd000 ---p 00019000 08:06 3146895                    /lib/x86_64-linux-gnu/libpthread-2.19.so
7f90c19bd000-7f90c19be000 r--p 00018000 08:06 3146895                    /lib/x86_64-linux-gnu/libpthread-2.19.so
7f90c19be000-7f90c19bf000 rw-p 00019000 08:06 3146895                    /lib/x86_64-linux-gnu/libpthread-2.19.so
7f90c19bf000-7f90c19c3000 rw-p 00000000 00:00 0 
7f90c19c3000-7f90c19e6000 r-xp 00000000 08:06 3146896                    /lib/x86_64-linux-gnu/ld-2.19.so
7f90c19e6000-7f90c19ef000 r--s 00000000 08:06 417248                     /var/cache/fontconfig/3f7329c5293ffd510edef78f73874cfd-le64.cache-4
7f90c19ef000-7f90c1ab4000 rw-p 00000000 00:00 0 
7f90c1ab4000-7f90c1ab7000 ---p 00000000 00:00 0 
7f90c1ab7000-7f90c1bb9000 rw-p 00000000 00:00 0                          [stack:9489]
7f90c1bb9000-7f90c1bba000 r--s 00000000 08:06 395608                     /var/cache/fontconfig/4794a0821666d79190d59a36cb4f44b5-le64.cache-4
7f90c1bba000-7f90c1bbb000 r--s 00000000 08:06 420331                     /var/cache/fontconfig/56cf4f4769d0f4abc89a4895d7bd3ae1-le64.cache-4
7f90c1bbb000-7f90c1bbc000 r--s 00000000 08:06 420343                     /var/cache/fontconfig/b9d506c9ac06c20b433354fa67a72993-le64.cache-4
7f90c1bbc000-7f90c1bc0000 r--s 00000000 08:06 420349                     /var/cache/fontconfig/d589a48862398ed80a3d6066f4f56f4c-le64.cache-4
7f90c1bc0000-7f90c1bc1000 r--s 00000000 08:06 420320                     /var/cache/fontconfig/0c9eb80ebd1c36541ebe2852d3bb0c49-le64.cache-4
7f90c1bc1000-7f90c1bc5000 r--s 00000000 08:06 425854                     /var/cache/fontconfig/7ef2298fde41cc6eeb7af42e48b7d293-le64.cache-4
7f90c1bc5000-7f90c1bd9000 rw-p 00000000 00:00 0 
7f90c1bd9000-7f90c1be1000 rw-s 00000000 08:06 1994045                    /tmp/hsperfdata_rifky/9486
7f90c1be1000-7f90c1be2000 rw-p 00000000 00:00 0 
7f90c1be2000-7f90c1be3000 r--p 00000000 00:00 0 
7f90c1be3000-7f90c1be5000 rw-p 00000000 00:00 0 
7f90c1be5000-7f90c1be6000 r--p 00022000 08:06 3146896                    /lib/x86_64-linux-gnu/ld-2.19.so
7f90c1be6000-7f90c1be7000 rw-p 00023000 08:06 3146896                    /lib/x86_64-linux-gnu/ld-2.19.so
7f90c1be7000-7f90c1be8000 rw-p 00000000 00:00 0 
7ffd59303000-7ffd59324000 rw-p 00000000 00:00 0                          [stack]
7ffd59373000-7ffd59375000 r-xp 00000000 00:00 0                          [vdso]
7ffd59375000-7ffd59377000 r--p 00000000 00:00 0                          [vvar]
ffffffffff600000-ffffffffff601000 r-xp 00000000 00:00 0                  [vsyscall]

VM Arguments:
jvm_args: -Xmx1024m -Dfile.encoding=UTF-8 
java_command: main.Main
java_class_path (initial): /home/rifky/workspace/eeg/bin:/home/rifky/workspace/eeg/mysql-connector-java-5.1.38-bin.jar:/home/rifky/workspace/eeg/sqlite-jdbc-3.8.11.2.jar:/home/rifky/workspace/eeg/jfreechart-1.0.19/lib/jcommon-1.0.23.jar:/home/rifky/workspace/eeg/jfreechart-1.0.19/lib/jfreechart-1.0.19.jar
Launcher Type: SUN_STANDARD

Environment Variables:
PATH=/usr/local/sbin:/usr/local/bin:/usr/sbin:/usr/bin:/sbin:/bin:/usr/games:/usr/local/games:/home/rifky/Android/Sdk/tools:/home/rifky/Android/Sdk/platform-tools
SHELL=/bin/bash
DISPLAY=:0

Signal Handlers:
SIGSEGV: [libjvm.so+0xabb070], sa_mask[0]=11111111011111111101111111111110, sa_flags=SA_RESTART|SA_SIGINFO
SIGBUS: [libjvm.so+0xabb070], sa_mask[0]=11111111011111111101111111111110, sa_flags=SA_RESTART|SA_SIGINFO
SIGFPE: [libjvm.so+0x918480], sa_mask[0]=11111111011111111101111111111110, sa_flags=SA_RESTART|SA_SIGINFO
SIGPIPE: [libjvm.so+0x918480], sa_mask[0]=11111111011111111101111111111110, sa_flags=SA_RESTART|SA_SIGINFO
SIGXFSZ: [libjvm.so+0x918480], sa_mask[0]=11111111011111111101111111111110, sa_flags=SA_RESTART|SA_SIGINFO
SIGILL: [libjvm.so+0x918480], sa_mask[0]=11111111011111111101111111111110, sa_flags=SA_RESTART|SA_SIGINFO
SIGUSR1: SIG_DFL, sa_mask[0]=00000000000000000000000000000000, sa_flags=none
SIGUSR2: [libjvm.so+0x919ab0], sa_mask[0]=00100000000000000000000000000000, sa_flags=SA_RESTART|SA_SIGINFO
SIGHUP: [libjvm.so+0x91aeb0], sa_mask[0]=11111111011111111101111111111110, sa_flags=SA_RESTART|SA_SIGINFO
SIGINT: [libjvm.so+0x91aeb0], sa_mask[0]=11111111011111111101111111111110, sa_flags=SA_RESTART|SA_SIGINFO
SIGTERM: [libjvm.so+0x91aeb0], sa_mask[0]=11111111011111111101111111111110, sa_flags=SA_RESTART|SA_SIGINFO
SIGQUIT: [libjvm.so+0x91aeb0], sa_mask[0]=11111111011111111101111111111110, sa_flags=SA_RESTART|SA_SIGINFO


---------------  S Y S T E M  ---------------

OS:DISTRIB_ID=Ubuntu
DISTRIB_RELEASE=14.04
DISTRIB_CODENAME=trusty
DISTRIB_DESCRIPTION="Ubuntu 14.04.4 LTS"

uname:Linux 3.16.0-62-generic #83~14.04.1-Ubuntu SMP Fri Feb 26 22:52:39 UTC 2016 x86_64
libc:glibc 2.19 NPTL 2.19 
rlimit: STACK 8192k, CORE 0k, NPROC 11642, NOFILE 4096, AS infinity
load average:0,85 0,73 0,91

/proc/meminfo:
MemTotal:        3010344 kB
MemFree:          131956 kB
MemAvailable:     747492 kB
Buffers:          156428 kB
Cached:           949716 kB
SwapCached:        25940 kB
Active:          1711632 kB
Inactive:         891208 kB
Active(anon):    1264876 kB
Inactive(anon):   682236 kB
Active(file):     446756 kB
Inactive(file):   208972 kB
Unevictable:         416 kB
Mlocked:             416 kB
SwapTotal:       3905532 kB
SwapFree:        3464208 kB
Dirty:              1000 kB
Writeback:             0 kB
AnonPages:       1471524 kB
Mapped:           327464 kB
Shmem:            450416 kB
Slab:             173580 kB
SReclaimable:     128744 kB
SUnreclaim:        44836 kB
KernelStack:        7984 kB
PageTables:        50308 kB
NFS_Unstable:          0 kB
Bounce:                0 kB
WritebackTmp:          0 kB
CommitLimit:     5410704 kB
Committed_AS:    5432256 kB
VmallocTotal:   34359738367 kB
VmallocUsed:      347412 kB
VmallocChunk:   34359384540 kB
HardwareCorrupted:     0 kB
AnonHugePages:    563200 kB
HugePages_Total:       0
HugePages_Free:        0
HugePages_Rsvd:        0
HugePages_Surp:        0
Hugepagesize:       2048 kB
DirectMap4k:      162160 kB
DirectMap2M:     2912256 kB


CPU:total 2 (2 cores per cpu, 1 threads per core) family 6 model 23 stepping 10, cmov, cx8, fxsr, mmx, sse, sse2, sse3, ssse3, tsc

/proc/cpuinfo:
processor	: 0
vendor_id	: GenuineIntel
cpu family	: 6
model		: 23
model name	: Pentium(R) Dual-Core CPU       T4200  @ 2.00GHz
stepping	: 10
microcode	: 0xa07
cpu MHz		: 2000.000
cache size	: 1024 KB
physical id	: 0
siblings	: 2
core id		: 0
cpu cores	: 2
apicid		: 0
initial apicid	: 0
fpu		: yes
fpu_exception	: yes
cpuid level	: 13
wp		: yes
flags		: fpu vme de pse tsc msr pae mce cx8 apic sep mtrr pge mca cmov pat pse36 clflush dts acpi mmx fxsr sse sse2 ss ht tm pbe syscall nx lm constant_tsc arch_perfmon pebs bts rep_good nopl aperfmperf pni dtes64 monitor ds_cpl est tm2 ssse3 cx16 xtpr pdcm xsave lahf_lm dtherm
bogomips	: 3990.14
clflush size	: 64
cache_alignment	: 64
address sizes	: 36 bits physical, 48 bits virtual
power management:

processor	: 1
vendor_id	: GenuineIntel
cpu family	: 6
model		: 23
model name	: Pentium(R) Dual-Core CPU       T4200  @ 2.00GHz
stepping	: 10
microcode	: 0xa07
cpu MHz		: 2000.000
cache size	: 1024 KB
physical id	: 0
siblings	: 2
core id		: 1
cpu cores	: 2
apicid		: 1
initial apicid	: 1
fpu		: yes
fpu_exception	: yes
cpuid level	: 13
wp		: yes
flags		: fpu vme de pse tsc msr pae mce cx8 apic sep mtrr pge mca cmov pat pse36 clflush dts acpi mmx fxsr sse sse2 ss ht tm pbe syscall nx lm constant_tsc arch_perfmon pebs bts rep_good nopl aperfmperf pni dtes64 monitor ds_cpl est tm2 ssse3 cx16 xtpr pdcm xsave lahf_lm dtherm
bogomips	: 3990.14
clflush size	: 64
cache_alignment	: 64
address sizes	: 36 bits physical, 48 bits virtual
power management:



Memory: 4k page, physical 3010344k(131956k free), swap 3905532k(3464208k free)

vm_info: Java HotSpot(TM) 64-Bit Server VM (25.72-b15) for linux-amd64 JRE (1.8.0_72-b15), built on Dec 22 2015 22:00:07 by "java_re" with gcc 4.3.0 20080428 (Red Hat 4.3.0-8)

time: Thu Mar  3 10:04:22 2016
elapsed time: 5 seconds (0d 0h 0m 5s)

