#
# A fatal error has been detected by the Java Runtime Environment:
#
#  SIGSEGV (0xb) at pc=0x00007fa6c145883a, pid=9764, tid=140353355110144
#
# JRE version: Java(TM) SE Runtime Environment (8.0_72-b15) (build 1.8.0_72-b15)
# Java VM: Java HotSpot(TM) 64-Bit Server VM (25.72-b15 mixed mode linux-amd64 compressed oops)
# Problematic frame:
# J 1454 C1 java.awt.Component.notifyNewBounds(ZZ)V (129 bytes) @ 0x00007fa6c145883a [0x00007fa6c14586a0+0x19a]
#
# Failed to write core dump. Core dumps have been disabled. To enable core dumping, try "ulimit -c unlimited" before starting Java again
#
# If you would like to submit a bug report, please visit:
#   http://bugreport.java.com/bugreport/crash.jsp
#

---------------  T H R E A D  ---------------

Current thread (0x00007fa6d022a800):  JavaThread "AWT-EventQueue-0" [_thread_in_Java, id=9783, stack(0x00007fa68fcfd000,0x00007fa68fdfe000)]

siginfo: si_signo: 11 (SIGSEGV), si_code: 1 (SEGV_MAPERR), si_addr: 0x00007da68ecbd1d8

Registers:
RAX=0x0000000000000108, RBX=0x0000000000000080, RCX=0x0000000000000001, RDX=0x0000000000000001
RSP=0x00007fa68fdf9170, RBP=0x00007fa68fdf9428, RSI=0x00000000eabc5fe8, RDI=0x00007da68ecbd0d0
R8 =0x00000000eabc5fe8, R9 =0x00007fa68e9a9248, R10=0x00007fa6d8294460, R11=0x0000000000000086
R12=0x0000000000000000, R13=0x00007fa6c13e27f4, R14=0x00007fa68fdf9238, R15=0x00007fa6d022a800
RIP=0x00007fa6c145883a, EFLAGS=0x0000000000010246, CSGSFS=0x0000000000000033, ERR=0x0000000000000004
  TRAPNO=0x000000000000000e

Top of Stack: (sp=0x00007fa68fdf9170)
0x00007fa68fdf9170:   00007fa68fdf9200 00007fa6c100798d
0x00007fa68fdf9180:   00000000eabc6508 00000000c14093f0
0x00007fa68fdf9190:   00000000c1534468 00000000eabc6428
0x00007fa68fdf91a0:   00000000ec023258 00000000c1571e30
0x00007fa68fdf91b0:   00007fa6d022a800 0000000000000000
0x00007fa68fdf91c0:   00000000eabc5fe8 0000000000000000
0x00007fa68fdf91d0:   0000000000000000 00007fa600000000
0x00007fa68fdf91e0:   000000000000000f 00007fa600000001
0x00007fa68fdf91f0:   00000000eabc5fe8 00007fa68fdf9238
0x00007fa68fdf9200:   00007fa68ebddd08 0000000000000000
0x00007fa68fdf9210:   00007fa68ebdd6a0 0000000000000000
0x00007fa68fdf9220:   00007fa68fdf9240 00007fa68fdf9428
0x00007fa68fdf9230:   00007fa68fdf9428 00007fa6c13e2874
0x00007fa68fdf9240:   00007fa68fdf92e0 00000000c004e0a8
0x00007fa68fdf9250:   00007fa68ed5d680 0000000000000000
0x00007fa68fdf9260:   00007fa68fdf9278 00007fa68fdf92c0
0x00007fa68fdf9270:   00007fa6c100798d 00000000eabc5fe8
0x00007fa68fdf9280:   00007fa68fdf9280 00007fa6d51a8937
0x00007fa68fdf9290:   00007fa68fdf92e8 00000000eabc5fe8
0x00007fa68fdf92a0:   0000000f0000004f 000000a0000000bb
0x00007fa68fdf92b0:   0000000100000000 00000001ffffffcf
0x00007fa68fdf92c0:   fffffff100000000 0000000100000001
0x00007fa68fdf92d0:   0000000000000001 0000000000000000
0x00007fa68fdf92e0:   0000000000000000 00000000c004e0a8
0x00007fa68fdf92f0:   00007fa68fdf92f0 00007fa68ece7226
0x00007fa68fdf9300:   00007fa68fdf9428 00007fa6c144b73c
0x00007fa68fdf9310:   0000000000000000 00007fa6d4edefe0
0x00007fa68fdf9320:   0000000000000000 00007fa68fdf9340
0x00007fa68fdf9330:   00007fa68fdf9390 00007fa6c100798d
0x00007fa68fdf9340:   00000000c1571e30 00000000eabc5fe8
0x00007fa68fdf9350:   00007fa68fdf9428 00007fa6c13ded84
0x00007fa68fdf9360:   00007fa68fdf93f8 00007fa68f5f1868 

Instructions: (pc=0x00007fa6c145883a)
0x00007fa6c145881a:   cb 8e a6 7d 00 00 48 b8 18 01 00 00 00 00 00 00
0x00007fa6c145882a:   0f 85 0a 00 00 00 48 b8 08 01 00 00 00 00 00 00
0x00007fa6c145883a:   48 8b 1c 07 48 8d 5b 01 48 89 1c 07 0f 85 0a 00
0x00007fa6c145884a:   00 00 bf 00 00 00 00 e9 15 00 00 00 48 bf d0 d0 

Register to memory mapping:

RAX=0x0000000000000108 is an unknown value
RBX=0x0000000000000080 is an unknown value
RCX=0x0000000000000001 is an unknown value
RDX=0x0000000000000001 is an unknown value
RSP=0x00007fa68fdf9170 is pointing into the stack for thread: 0x00007fa6d022a800
RBP=0x00007fa68fdf9428 is pointing into the stack for thread: 0x00007fa6d022a800
RSI=0x00000000eabc5fe8 is an oop
javax.swing.table.DefaultTableCellRenderer 
 - klass: 'javax/swing/table/DefaultTableCellRenderer'
RDI=0x00007da68ecbd0d0 is an unknown value
R8 =0x00000000eabc5fe8 is an oop
javax.swing.table.DefaultTableCellRenderer 
 - klass: 'javax/swing/table/DefaultTableCellRenderer'
R9 =0x00007fa68e9a9248 is pointing into metadata
R10=0x00007fa6d8294460: <offset 0xfbb460> in /usr/lib/jvm/java-8-oracle/jre/lib/amd64/server/libjvm.so at 0x00007fa6d72d9000
R11=0x0000000000000086 is an unknown value
R12=0x0000000000000000 is an unknown value
R13=0x00007fa6c13e27f4 is at entry_point+3892 in (nmethod*)0x00007fa6c13e1650
R14=0x00007fa68fdf9238 is pointing into the stack for thread: 0x00007fa6d022a800
R15=0x00007fa6d022a800 is a thread


Stack: [0x00007fa68fcfd000,0x00007fa68fdfe000],  sp=0x00007fa68fdf9170,  free space=1008k
Native frames: (J=compiled Java code, j=interpreted, Vv=VM code, C=native code)
J 1454 C1 java.awt.Component.notifyNewBounds(ZZ)V (129 bytes) @ 0x00007fa6c145883a [0x00007fa6c14586a0+0x19a]
J 1221 C1 java.awt.Component.reshape(IIII)V (312 bytes) @ 0x00007fa6c13e2874 [0x00007fa6c13e18c0+0xfb4]
J 1436 C1 javax.swing.JComponent.reshape(IIII)V (10 bytes) @ 0x00007fa6c144b73c [0x00007fa6c144b6c0+0x7c]
J 1220 C1 java.awt.Component.setBounds(IIII)V (10 bytes) @ 0x00007fa6c13ded84 [0x00007fa6c13dec80+0x104]
j  javax.swing.CellRendererPane.paintComponent(Ljava/awt/Graphics;Ljava/awt/Component;Ljava/awt/Container;IIIIZ)V+64
j  javax.swing.plaf.basic.BasicTableUI.paintCell(Ljava/awt/Graphics;Ljava/awt/Rectangle;II)V+110
j  javax.swing.plaf.basic.BasicTableUI.paintCells(Ljava/awt/Graphics;IIII)V+133
j  javax.swing.plaf.basic.BasicTableUI.paint(Ljava/awt/Graphics;Ljavax/swing/JComponent;)V+249
j  javax.swing.plaf.ComponentUI.update(Ljava/awt/Graphics;Ljavax/swing/JComponent;)V+32
j  javax.swing.JComponent.paintComponent(Ljava/awt/Graphics;)V+26
j  javax.swing.JComponent.paint(Ljava/awt/Graphics;)V+286
j  javax.swing.JComponent.paintChildren(Ljava/awt/Graphics;)V+501
j  javax.swing.JComponent.paint(Ljava/awt/Graphics;)V+318
j  javax.swing.JViewport.paint(Ljava/awt/Graphics;)V+205
j  javax.swing.JComponent.paintChildren(Ljava/awt/Graphics;)V+501
j  javax.swing.JComponent.paint(Ljava/awt/Graphics;)V+318
j  javax.swing.JComponent.paintChildren(Ljava/awt/Graphics;)V+501
j  javax.swing.JComponent.paint(Ljava/awt/Graphics;)V+318
j  javax.swing.JComponent.paintChildren(Ljava/awt/Graphics;)V+501
j  javax.swing.JComponent.paint(Ljava/awt/Graphics;)V+318
j  javax.swing.JComponent.paintChildren(Ljava/awt/Graphics;)V+501
j  javax.swing.JComponent.paint(Ljava/awt/Graphics;)V+318
j  javax.swing.JComponent.paintChildren(Ljava/awt/Graphics;)V+501
j  javax.swing.JComponent.paint(Ljava/awt/Graphics;)V+318
j  javax.swing.JComponent.paintChildren(Ljava/awt/Graphics;)V+501
j  javax.swing.JComponent.paint(Ljava/awt/Graphics;)V+318
j  javax.swing.JComponent.paintToOffscreen(Ljava/awt/Graphics;IIIIII)V+41
j  javax.swing.BufferStrategyPaintManager.paint(Ljavax/swing/JComponent;Ljavax/swing/JComponent;Ljava/awt/Graphics;IIII)Z+164
j  javax.swing.RepaintManager.paint(Ljavax/swing/JComponent;Ljavax/swing/JComponent;Ljava/awt/Graphics;IIII)V+51
j  javax.swing.JComponent._paintImmediately(IIII)V+683
j  javax.swing.JComponent.paintImmediately(IIII)V+138
j  javax.swing.RepaintManager$4.run()Ljava/lang/Void;+81
j  javax.swing.RepaintManager$4.run()Ljava/lang/Object;+1
v  ~StubRoutines::call_stub
V  [libjvm.so+0x68c616]  JavaCalls::call_helper(JavaValue*, methodHandle*, JavaCallArguments*, Thread*)+0x1056
V  [libjvm.so+0x7252dc]  JVM_DoPrivileged+0x27c
J 1336  java.security.AccessController.doPrivileged(Ljava/security/PrivilegedAction;Ljava/security/AccessControlContext;)Ljava/lang/Object; (0 bytes) @ 0x00007fa6c1422c95 [0x00007fa6c1422bc0+0xd5]
J 1376 C1 java.security.ProtectionDomain$JavaSecurityAccessImpl.doIntersectionPrivilege(Ljava/security/PrivilegedAction;Ljava/security/AccessControlContext;Ljava/security/AccessControlContext;)Ljava/lang/Object; (22 bytes) @ 0x00007fa6c1434d44 [0x00007fa6c14348e0+0x464]
j  javax.swing.RepaintManager.paintDirtyRegions(Ljava/util/Map;)V+154
j  javax.swing.RepaintManager.paintDirtyRegions()V+46
j  javax.swing.RepaintManager.prePaintDirtyRegions()V+73
j  javax.swing.RepaintManager.access$1200(Ljavax/swing/RepaintManager;)V+1
j  javax.swing.RepaintManager$ProcessingRunnable.run()V+37
j  java.awt.event.InvocationEvent.dispatch()V+47
j  java.awt.EventQueue.dispatchEventImpl(Ljava/awt/AWTEvent;Ljava/lang/Object;)V+21
j  java.awt.EventQueue.access$500(Ljava/awt/EventQueue;Ljava/awt/AWTEvent;Ljava/lang/Object;)V+3
j  java.awt.EventQueue$3.run()Ljava/lang/Void;+32
j  java.awt.EventQueue$3.run()Ljava/lang/Object;+1
v  ~StubRoutines::call_stub
V  [libjvm.so+0x68c616]  JavaCalls::call_helper(JavaValue*, methodHandle*, JavaCallArguments*, Thread*)+0x1056
V  [libjvm.so+0x7252dc]  JVM_DoPrivileged+0x27c
J 1336  java.security.AccessController.doPrivileged(Ljava/security/PrivilegedAction;Ljava/security/AccessControlContext;)Ljava/lang/Object; (0 bytes) @ 0x00007fa6c1422c95 [0x00007fa6c1422bc0+0xd5]
J 1376 C1 java.security.ProtectionDomain$JavaSecurityAccessImpl.doIntersectionPrivilege(Ljava/security/PrivilegedAction;Ljava/security/AccessControlContext;Ljava/security/AccessControlContext;)Ljava/lang/Object; (22 bytes) @ 0x00007fa6c1434d44 [0x00007fa6c14348e0+0x464]
j  java.awt.EventQueue.dispatchEvent(Ljava/awt/AWTEvent;)V+46
j  java.awt.EventDispatchThread.pumpOneEventForFilters(I)V+245
j  java.awt.EventDispatchThread.pumpEventsForFilter(ILjava/awt/Conditional;Ljava/awt/EventFilter;)V+35
j  java.awt.EventDispatchThread.pumpEventsForHierarchy(ILjava/awt/Conditional;Ljava/awt/Component;)V+11
j  java.awt.EventDispatchThread.pumpEvents(ILjava/awt/Conditional;)V+4
j  java.awt.EventDispatchThread.pumpEvents(Ljava/awt/Conditional;)V+3
j  java.awt.EventDispatchThread.run()V+9
v  ~StubRoutines::call_stub
V  [libjvm.so+0x68c616]  JavaCalls::call_helper(JavaValue*, methodHandle*, JavaCallArguments*, Thread*)+0x1056
V  [libjvm.so+0x68cb21]  JavaCalls::call_virtual(JavaValue*, KlassHandle, Symbol*, Symbol*, JavaCallArguments*, Thread*)+0x321
V  [libjvm.so+0x68cfc7]  JavaCalls::call_virtual(JavaValue*, Handle, KlassHandle, Symbol*, Symbol*, Thread*)+0x47
V  [libjvm.so+0x723d80]  thread_entry(JavaThread*, Thread*)+0xa0
V  [libjvm.so+0xa69dcf]  JavaThread::thread_main_inner()+0xdf
V  [libjvm.so+0xa69efc]  JavaThread::run()+0x11c
V  [libjvm.so+0x91d9d8]  java_start(Thread*)+0x108
C  [libpthread.so.0+0x8182]  start_thread+0xc2


---------------  P R O C E S S  ---------------

Java Threads: ( => current thread )
  0x00007fa684232000 JavaThread "TimerQueue" daemon [_thread_blocked, id=9791, stack(0x00007fa68ea4f000,0x00007fa68eb50000)]
  0x00007fa684100000 JavaThread "Abandoned connection cleanup thread" daemon [_thread_blocked, id=9788, stack(0x00007fa68ef50000,0x00007fa68f051000)]
  0x00007fa6840a1000 JavaThread "Image Fetcher 3" daemon [_thread_blocked, id=9787, stack(0x00007fa68f051000,0x00007fa68f152000)]
  0x00007fa68409f000 JavaThread "Image Fetcher 2" daemon [_thread_blocked, id=9786, stack(0x00007fa68f152000,0x00007fa68f253000)]
  0x00007fa68409d000 JavaThread "Image Fetcher 1" daemon [_thread_blocked, id=9785, stack(0x00007fa68f253000,0x00007fa68f354000)]
  0x00007fa684096800 JavaThread "Image Fetcher 0" daemon [_thread_blocked, id=9784, stack(0x00007fa68f354000,0x00007fa68f455000)]
  0x00007fa6d0009800 JavaThread "DestroyJavaVM" [_thread_blocked, id=9767, stack(0x00007fa6d8dad000,0x00007fa6d8eae000)]
=>0x00007fa6d022a800 JavaThread "AWT-EventQueue-0" [_thread_in_Java, id=9783, stack(0x00007fa68fcfd000,0x00007fa68fdfe000)]
  0x00007fa6d0229000 JavaThread "AWT-Shutdown" [_thread_blocked, id=9782, stack(0x00007fa68fdfe000,0x00007fa68feff000)]
  0x00007fa6d021e000 JavaThread "AWT-XAWT" daemon [_thread_in_native, id=9781, stack(0x00007fa68feff000,0x00007fa690000000)]
  0x00007fa6d01ff000 JavaThread "Java2D Disposer" daemon [_thread_blocked, id=9780, stack(0x00007fa6bc4ca000,0x00007fa6bc5cb000)]
  0x00007fa6d00ba800 JavaThread "Service Thread" daemon [_thread_blocked, id=9778, stack(0x00007fa6be216000,0x00007fa6be317000)]
  0x00007fa6d00b7800 JavaThread "C1 CompilerThread1" daemon [_thread_blocked, id=9777, stack(0x00007fa6be317000,0x00007fa6be418000)]
  0x00007fa6d00b5000 JavaThread "C2 CompilerThread0" daemon [_thread_blocked, id=9776, stack(0x00007fa6be418000,0x00007fa6be519000)]
  0x00007fa6d00b3800 JavaThread "Signal Dispatcher" daemon [_thread_blocked, id=9775, stack(0x00007fa6be519000,0x00007fa6be61a000)]
  0x00007fa6d007f800 JavaThread "Finalizer" daemon [_thread_blocked, id=9774, stack(0x00007fa6becfd000,0x00007fa6bedfe000)]
  0x00007fa6d007b000 JavaThread "Reference Handler" daemon [_thread_blocked, id=9773, stack(0x00007fa6bedfe000,0x00007fa6beeff000)]

Other Threads:
  0x00007fa6d0073800 VMThread [stack: 0x00007fa6beeff000,0x00007fa6bf000000] [id=9772]
  0x00007fa6d00bd800 WatcherThread [stack: 0x00007fa6be115000,0x00007fa6be216000] [id=9779]

VM state:not at safepoint (normal execution)

VM Mutex/Monitor currently owned by a thread: None

Heap:
 PSYoungGen      total 26112K, used 22010K [0x00000000eab00000, 0x00000000ede00000, 0x0000000100000000)
  eden space 24576K, 89% used [0x00000000eab00000,0x00000000ec07eb78,0x00000000ec300000)
  from space 1536K, 0% used [0x00000000ec300000,0x00000000ec300000,0x00000000ec480000)
  to   space 1536K, 0% used [0x00000000edc80000,0x00000000edc80000,0x00000000ede00000)
 ParOldGen       total 51712K, used 22000K [0x00000000c0000000, 0x00000000c3280000, 0x00000000eab00000)
  object space 51712K, 42% used [0x00000000c0000000,0x00000000c157c3a8,0x00000000c3280000)
 Metaspace       used 18313K, capacity 18522K, committed 18816K, reserved 1064960K
  class space    used 2252K, capacity 2327K, committed 2432K, reserved 1048576K

Card table byte_map: [0x00007fa6d5978000,0x00007fa6d5b79000] byte_map_base: 0x00007fa6d5378000

Marking Bits: (ParMarkBitMap*) 0x00007fa6d828e100
 Begin Bits: [0x00007fa6bf000000, 0x00007fa6c0000000)
 End Bits:   [0x00007fa6c0000000, 0x00007fa6c1000000)

Polling page: 0x00007fa6d8ed5000

CodeCache: size=245760Kb used=4452Kb max_used=4452Kb free=241307Kb
 bounds [0x00007fa6c1000000, 0x00007fa6c1460000, 0x00007fa6d0000000]
 total_blobs=2095 nmethods=1455 adapters=554
 compilation: enabled

Compilation events (10 events):
Event: 4,318 Thread 0x00007fa6d00b7800 nmethod 1445 0x00007fa6c14540d0 code [0x00007fa6c1454420, 0x00007fa6c14564c8]
Event: 4,318 Thread 0x00007fa6d00b7800 1451       3       java.awt.Rectangle::translate (197 bytes)
Event: 4,319 Thread 0x00007fa6d00b7800 nmethod 1451 0x00007fa6c144e410 code [0x00007fa6c144e580, 0x00007fa6c144ea10]
Event: 4,319 Thread 0x00007fa6d00b7800 1448       3       java.awt.Font::getFont2D (105 bytes)
Event: 4,321 Thread 0x00007fa6d00b7800 nmethod 1448 0x00007fa6c14571d0 code [0x00007fa6c14573c0, 0x00007fa6c1457f88]
Event: 4,321 Thread 0x00007fa6d00b7800 1454       3       java.awt.Component::notifyNewBounds (129 bytes)
Event: 4,324 Thread 0x00007fa6d00b7800 nmethod 1454 0x00007fa6c1458310 code [0x00007fa6c14586a0, 0x00007fa6c145a508]
Event: 4,324 Thread 0x00007fa6d00b7800 1449       3       sun.java2d.pipe.Region::isInsideXYXY (39 bytes)
Event: 4,324 Thread 0x00007fa6d00b7800 nmethod 1449 0x00007fa6c1451ed0 code [0x00007fa6c1452040, 0x00007fa6c14522b0]
Event: 4,324 Thread 0x00007fa6d00b7800 1450       1       javax.swing.JTable::getModel (5 bytes)

GC Heap History (8 events):
Event: 1,338 GC heap before
{Heap before GC invocations=1 (full 0):
 PSYoungGen      total 13824K, used 12288K [0x00000000eab00000, 0x00000000eba00000, 0x0000000100000000)
  eden space 12288K, 100% used [0x00000000eab00000,0x00000000eb700000,0x00000000eb700000)
  from space 1536K, 0% used [0x00000000eb880000,0x00000000eb880000,0x00000000eba00000)
  to   space 1536K, 0% used [0x00000000eb700000,0x00000000eb700000,0x00000000eb880000)
 ParOldGen       total 31744K, used 0K [0x00000000c0000000, 0x00000000c1f00000, 0x00000000eab00000)
  object space 31744K, 0% used [0x00000000c0000000,0x00000000c0000000,0x00000000c1f00000)
 Metaspace       used 12377K, capacity 12490K, committed 12800K, reserved 1060864K
  class space    used 1415K, capacity 1473K, committed 1536K, reserved 1048576K
Event: 1,356 GC heap after
Heap after GC invocations=1 (full 0):
 PSYoungGen      total 13824K, used 1522K [0x00000000eab00000, 0x00000000ec600000, 0x0000000100000000)
  eden space 12288K, 0% used [0x00000000eab00000,0x00000000eab00000,0x00000000eb700000)
  from space 1536K, 99% used [0x00000000eb700000,0x00000000eb87c888,0x00000000eb880000)
  to   space 1536K, 0% used [0x00000000ec480000,0x00000000ec480000,0x00000000ec600000)
 ParOldGen       total 31744K, used 2773K [0x00000000c0000000, 0x00000000c1f00000, 0x00000000eab00000)
  object space 31744K, 8% used [0x00000000c0000000,0x00000000c02b5578,0x00000000c1f00000)
 Metaspace       used 12377K, capacity 12490K, committed 12800K, reserved 1060864K
  class space    used 1415K, capacity 1473K, committed 1536K, reserved 1048576K
}
Event: 1,886 GC heap before
{Heap before GC invocations=2 (full 0):
 PSYoungGen      total 13824K, used 13758K [0x00000000eab00000, 0x00000000ec600000, 0x0000000100000000)
  eden space 12288K, 99% used [0x00000000eab00000,0x00000000eb6f3328,0x00000000eb700000)
  from space 1536K, 99% used [0x00000000eb700000,0x00000000eb87c888,0x00000000eb880000)
  to   space 1536K, 0% used [0x00000000ec480000,0x00000000ec480000,0x00000000ec600000)
 ParOldGen       total 31744K, used 2773K [0x00000000c0000000, 0x00000000c1f00000, 0x00000000eab00000)
  object space 31744K, 8% used [0x00000000c0000000,0x00000000c02b5578,0x00000000c1f00000)
 Metaspace       used 15706K, capacity 15964K, committed 16256K, reserved 1062912K
  class space    used 1952K, capacity 2052K, committed 2176K, reserved 1048576K
Event: 1,905 GC heap after
Heap after GC invocations=2 (full 0):
 PSYoungGen      total 26112K, used 1504K [0x00000000eab00000, 0x00000000ec600000, 0x0000000100000000)
  eden space 24576K, 0% used [0x00000000eab00000,0x00000000eab00000,0x00000000ec300000)
  from space 1536K, 97% used [0x00000000ec480000,0x00000000ec5f8090,0x00000000ec600000)
  to   space 1536K, 0% used [0x00000000ec300000,0x00000000ec300000,0x00000000ec480000)
 ParOldGen       total 31744K, used 8493K [0x00000000c0000000, 0x00000000c1f00000, 0x00000000eab00000)
  object space 31744K, 26% used [0x00000000c0000000,0x00000000c084b5e8,0x00000000c1f00000)
 Metaspace       used 15706K, capacity 15964K, committed 16256K, reserved 1062912K
  class space    used 1952K, capacity 2052K, committed 2176K, reserved 1048576K
}
Event: 1,965 GC heap before
{Heap before GC invocations=3 (full 0):
 PSYoungGen      total 26112K, used 25500K [0x00000000eab00000, 0x00000000ec600000, 0x0000000100000000)
  eden space 24576K, 97% used [0x00000000eab00000,0x00000000ec26f308,0x00000000ec300000)
  from space 1536K, 97% used [0x00000000ec480000,0x00000000ec5f8090,0x00000000ec600000)
  to   space 1536K, 0% used [0x00000000ec300000,0x00000000ec300000,0x00000000ec480000)
 ParOldGen       total 31744K, used 8493K [0x00000000c0000000, 0x00000000c1f00000, 0x00000000eab00000)
  object space 31744K, 26% used [0x00000000c0000000,0x00000000c084b5e8,0x00000000c1f00000)
 Metaspace       used 15739K, capacity 15964K, committed 16256K, reserved 1062912K
  class space    used 1955K, capacity 2052K, committed 2176K, reserved 1048576K
Event: 1,988 GC heap after
Heap after GC invocations=3 (full 0):
 PSYoungGen      total 26112K, used 1504K [0x00000000eab00000, 0x00000000ede00000, 0x0000000100000000)
  eden space 24576K, 0% used [0x00000000eab00000,0x00000000eab00000,0x00000000ec300000)
  from space 1536K, 97% used [0x00000000ec300000,0x00000000ec478070,0x00000000ec480000)
  to   space 1536K, 0% used [0x00000000edc80000,0x00000000edc80000,0x00000000ede00000)
 ParOldGen       total 31744K, used 20998K [0x00000000c0000000, 0x00000000c1f00000, 0x00000000eab00000)
  object space 31744K, 66% used [0x00000000c0000000,0x00000000c1481828,0x00000000c1f00000)
 Metaspace       used 15739K, capacity 15964K, committed 16256K, reserved 1062912K
  class space    used 1955K, capacity 2052K, committed 2176K, reserved 1048576K
}
Event: 1,988 GC heap before
{Heap before GC invocations=4 (full 1):
 PSYoungGen      total 26112K, used 1504K [0x00000000eab00000, 0x00000000ede00000, 0x0000000100000000)
  eden space 24576K, 0% used [0x00000000eab00000,0x00000000eab00000,0x00000000ec300000)
  from space 1536K, 97% used [0x00000000ec300000,0x00000000ec478070,0x00000000ec480000)
  to   space 1536K, 0% used [0x00000000edc80000,0x00000000edc80000,0x00000000ede00000)
 ParOldGen       total 31744K, used 20998K [0x00000000c0000000, 0x00000000c1f00000, 0x00000000eab00000)
  object space 31744K, 66% used [0x00000000c0000000,0x00000000c1481828,0x00000000c1f00000)
 Metaspace       used 15739K, capacity 15964K, committed 16256K, reserved 1062912K
  class space    used 1955K, capacity 2052K, committed 2176K, reserved 1048576K
Event: 2,055 GC heap after
Heap after GC invocations=4 (full 1):
 PSYoungGen      total 26112K, used 0K [0x00000000eab00000, 0x00000000ede00000, 0x0000000100000000)
  eden space 24576K, 0% used [0x00000000eab00000,0x00000000eab00000,0x00000000ec300000)
  from space 1536K, 0% used [0x00000000ec300000,0x00000000ec300000,0x00000000ec480000)
  to   space 1536K, 0% used [0x00000000edc80000,0x00000000edc80000,0x00000000ede00000)
 ParOldGen       total 51712K, used 22000K [0x00000000c0000000, 0x00000000c3280000, 0x00000000eab00000)
  object space 51712K, 42% used [0x00000000c0000000,0x00000000c157c3a8,0x00000000c3280000)
 Metaspace       used 15739K, capacity 15964K, committed 16256K, reserved 1062912K
  class space    used 1955K, capacity 2052K, committed 2176K, reserved 1048576K
}

Deoptimization events (10 events):
Event: 1,934 Thread 0x00007fa6d022a800 Uncommon trap: reason=unstable_if action=reinterpret pc=0x00007fa6c12fd8a8 method=com.mysql.jdbc.SingleByteCharsetConverter.toString([BII)Ljava/lang/String; @ 14
Event: 2,199 Thread 0x00007fa6d022a800 Uncommon trap: reason=class_check action=maybe_recompile pc=0x00007fa6c12a5144 method=java.util.HashMap.putVal(ILjava/lang/Object;Ljava/lang/Object;ZZ)Ljava/lang/Object; @ 91
Event: 2,289 Thread 0x00007fa6d022a800 Uncommon trap: reason=bimorphic action=maybe_recompile pc=0x00007fa6c1289a08 method=java.util.Hashtable.put(Ljava/lang/Object;Ljava/lang/Object;)Ljava/lang/Object; @ 60
Event: 2,379 Thread 0x00007fa6d022a800 Uncommon trap: reason=class_check action=maybe_recompile pc=0x00007fa6c12a51c4 method=java.util.HashMap.putVal(ILjava/lang/Object;Ljava/lang/Object;ZZ)Ljava/lang/Object; @ 203
Event: 2,407 Thread 0x00007fa6d022a800 Uncommon trap: reason=class_check action=maybe_recompile pc=0x00007fa6c12a5144 method=java.util.HashMap.putVal(ILjava/lang/Object;Ljava/lang/Object;ZZ)Ljava/lang/Object; @ 91
Event: 2,495 Thread 0x00007fa6d021e000 Uncommon trap: reason=unstable_if action=reinterpret pc=0x00007fa6c137a368 method=sun.awt.SunToolkit.getAppContext(Ljava/lang/Object;)Lsun/awt/AppContext; @ 4
Event: 4,211 Thread 0x00007fa6d022a800 Uncommon trap: reason=bimorphic action=maybe_recompile pc=0x00007fa6c1289a08 method=java.util.Hashtable.put(Ljava/lang/Object;Ljava/lang/Object;)Ljava/lang/Object; @ 60
Event: 4,212 Thread 0x00007fa6d022a800 Uncommon trap: reason=bimorphic action=maybe_recompile pc=0x00007fa6c1289a08 method=java.util.Hashtable.put(Ljava/lang/Object;Ljava/lang/Object;)Ljava/lang/Object; @ 60
Event: 4,246 Thread 0x00007fa6d022a800 Uncommon trap: reason=unstable_if action=reinterpret pc=0x00007fa6c1449b00 method=sun.font.FontDesignMetrics.stringWidth(Ljava/lang/String;)I @ 69
Event: 4,248 Thread 0x00007fa6d022a800 Uncommon trap: reason=unstable_if action=reinterpret pc=0x00007fa6c144d87c method=sun.font.FontUtilities.isComplexText([CII)Z @ 4

Internal exceptions (10 events):
Event: 0,232 Thread 0x00007fa6d0009800 Exception <a 'java/security/PrivilegedActionException'> (0x00000000eabb8e88) thrown at [/HUDSON/workspace/8-2-build-linux-amd64/jdk8u72/5732/hotspot/src/share/vm/prims/jvm.cpp, line 1386]
Event: 0,232 Thread 0x00007fa6d0009800 Exception <a 'java/security/PrivilegedActionException'> (0x00000000eabb9280) thrown at [/HUDSON/workspace/8-2-build-linux-amd64/jdk8u72/5732/hotspot/src/share/vm/prims/jvm.cpp, line 1386]
Event: 0,233 Thread 0x00007fa6d0009800 Exception <a 'java/security/PrivilegedActionException'> (0x00000000eabbb8a8) thrown at [/HUDSON/workspace/8-2-build-linux-amd64/jdk8u72/5732/hotspot/src/share/vm/prims/jvm.cpp, line 1386]
Event: 0,233 Thread 0x00007fa6d0009800 Exception <a 'java/security/PrivilegedActionException'> (0x00000000eabbbca0) thrown at [/HUDSON/workspace/8-2-build-linux-amd64/jdk8u72/5732/hotspot/src/share/vm/prims/jvm.cpp, line 1386]
Event: 0,328 Thread 0x00007fa6d0009800 Exception <a 'java/lang/NoSuchFieldError': method resolution failed> (0x00000000eac87f70) thrown at [/HUDSON/workspace/8-2-build-linux-amd64/jdk8u72/5732/hotspot/src/share/vm/prims/methodHandles.cpp, line 1146]
Event: 0,332 Thread 0x00007fa6d0009800 Exception <a 'java/lang/NoSuchFieldError': method resolution failed> (0x00000000eac95740) thrown at [/HUDSON/workspace/8-2-build-linux-amd64/jdk8u72/5732/hotspot/src/share/vm/prims/methodHandles.cpp, line 1146]
Event: 0,372 Thread 0x00007fa6d0009800 Exception <a 'java/io/FileNotFoundException'> (0x00000000ead15180) thrown at [/HUDSON/workspace/8-2-build-linux-amd64/jdk8u72/5732/hotspot/src/share/vm/prims/jni.cpp, line 709]
Event: 0,372 Thread 0x00007fa6d0009800 Exception <a 'java/io/FileNotFoundException'> (0x00000000ead15b30) thrown at [/HUDSON/workspace/8-2-build-linux-amd64/jdk8u72/5732/hotspot/src/share/vm/prims/jni.cpp, line 709]
Event: 0,377 Thread 0x00007fa6d0009800 Implicit null exception at 0x00007fa6c114e022 to 0x00007fa6c114e1f5
Event: 2,972 Thread 0x00007fa6d022a800 Exception <a 'java/lang/UnsupportedOperationException': > (0x00000000ebe4b5e8) thrown at [/HUDSON/workspace/8-2-build-linux-amd64/jdk8u72/5732/hotspot/src/share/vm/prims/jni.cpp, line 735]

Events (10 events):
Event: 4,244 Thread 0x00007fa6d022a800 DEOPT PACKING pc=0x00007fa6c1445b12 sp=0x00007fa68fdf8d30
Event: 4,244 Thread 0x00007fa6d022a800 DEOPT UNPACKING pc=0x00007fa6c1046f73 sp=0x00007fa68fdf8ae0 mode 0
Event: 4,246 Thread 0x00007fa6d022a800 Uncommon trap: trap_request=0xffffff65 fr.pc=0x00007fa6c1449b00
Event: 4,246 Thread 0x00007fa6d022a800 DEOPT PACKING pc=0x00007fa6c1449b00 sp=0x00007fa68fdf8da0
Event: 4,247 Thread 0x00007fa6d022a800 DEOPT UNPACKING pc=0x00007fa6c1004f69 sp=0x00007fa68fdf8d60 mode 2
Event: 4,247 Thread 0x00007fa6d022a800 DEOPT PACKING pc=0x00007fa6c144a48a sp=0x00007fa68fdf8d00
Event: 4,247 Thread 0x00007fa6d022a800 DEOPT UNPACKING pc=0x00007fa6c1046f73 sp=0x00007fa68fdf8a68 mode 0
Event: 4,248 Thread 0x00007fa6d022a800 Uncommon trap: trap_request=0xffffff65 fr.pc=0x00007fa6c144d87c
Event: 4,248 Thread 0x00007fa6d022a800 DEOPT PACKING pc=0x00007fa6c144d87c sp=0x00007fa68fdf8d20
Event: 4,248 Thread 0x00007fa6d022a800 DEOPT UNPACKING pc=0x00007fa6c1004f69 sp=0x00007fa68fdf8ce8 mode 2


Dynamic libraries:
00400000-00401000 r-xp 00000000 08:06 3936587                            /usr/lib/jvm/java-8-oracle/bin/java
00600000-00601000 rw-p 00000000 08:06 3936587                            /usr/lib/jvm/java-8-oracle/bin/java
01c78000-01cfa000 rw-p 00000000 00:00 0                                  [heap]
c0000000-c3280000 rw-p 00000000 00:00 0 
c3280000-eab00000 ---p 00000000 00:00 0 
eab00000-ede00000 rw-p 00000000 00:00 0 
ede00000-100000000 ---p 00000000 00:00 0 
100000000-100260000 rw-p 00000000 00:00 0 
100260000-140000000 ---p 00000000 00:00 0 
7fa680000000-7fa680021000 rw-p 00000000 00:00 0 
7fa680021000-7fa684000000 ---p 00000000 00:00 0 
7fa684000000-7fa6846b0000 rw-p 00000000 00:00 0 
7fa6846b0000-7fa688000000 ---p 00000000 00:00 0 
7fa688000000-7fa688027000 rw-p 00000000 00:00 0 
7fa688027000-7fa68c000000 ---p 00000000 00:00 0 
7fa68e521000-7fa68e54b000 r-xp 00000000 08:06 3704483                    /usr/lib/jvm/java-8-oracle/jre/lib/amd64/libdcpr.so
7fa68e54b000-7fa68e74b000 ---p 0002a000 08:06 3704483                    /usr/lib/jvm/java-8-oracle/jre/lib/amd64/libdcpr.so
7fa68e74b000-7fa68e74e000 rw-p 0002a000 08:06 3704483                    /usr/lib/jvm/java-8-oracle/jre/lib/amd64/libdcpr.so
7fa68e74e000-7fa68e751000 ---p 00000000 00:00 0 
7fa68e751000-7fa68ea4f000 rw-p 00000000 00:00 0 
7fa68ea4f000-7fa68ea52000 ---p 00000000 00:00 0 
7fa68ea52000-7fa68ed50000 rw-p 00000000 00:00 0                          [stack:9791]
7fa68ed50000-7fa68ef50000 rw-p 00000000 00:00 0 
7fa68ef50000-7fa68ef53000 ---p 00000000 00:00 0 
7fa68ef53000-7fa68f051000 rw-p 00000000 00:00 0                          [stack:9788]
7fa68f051000-7fa68f054000 ---p 00000000 00:00 0 
7fa68f054000-7fa68f152000 rw-p 00000000 00:00 0                          [stack:9787]
7fa68f152000-7fa68f155000 ---p 00000000 00:00 0 
7fa68f155000-7fa68f253000 rw-p 00000000 00:00 0                          [stack:9786]
7fa68f253000-7fa68f256000 ---p 00000000 00:00 0 
7fa68f256000-7fa68f354000 rw-p 00000000 00:00 0                          [stack:9785]
7fa68f354000-7fa68f357000 ---p 00000000 00:00 0 
7fa68f357000-7fa68f655000 rw-p 00000000 00:00 0                          [stack:9784]
7fa68f655000-7fa68f6be000 r-xp 00000000 08:06 3704428                    /usr/lib/jvm/java-8-oracle/jre/lib/amd64/libt2k.so
7fa68f6be000-7fa68f8be000 ---p 00069000 08:06 3704428                    /usr/lib/jvm/java-8-oracle/jre/lib/amd64/libt2k.so
7fa68f8be000-7fa68f8c5000 rw-p 00069000 08:06 3704428                    /usr/lib/jvm/java-8-oracle/jre/lib/amd64/libt2k.so
7fa68f8c5000-7fa68f8d5000 rw-p 00000000 00:00 0 
7fa68f8d5000-7fa68f8e6000 r-xp 00000000 08:06 3704456                    /usr/lib/jvm/java-8-oracle/jre/lib/amd64/libnio.so
7fa68f8e6000-7fa68fae5000 ---p 00011000 08:06 3704456                    /usr/lib/jvm/java-8-oracle/jre/lib/amd64/libnio.so
7fa68fae5000-7fa68fae6000 rw-p 00010000 08:06 3704456                    /usr/lib/jvm/java-8-oracle/jre/lib/amd64/libnio.so
7fa68fae6000-7fa68fafc000 r-xp 00000000 08:06 3704452                    /usr/lib/jvm/java-8-oracle/jre/lib/amd64/libnet.so
7fa68fafc000-7fa68fcfc000 ---p 00016000 08:06 3704452                    /usr/lib/jvm/java-8-oracle/jre/lib/amd64/libnet.so
7fa68fcfc000-7fa68fcfd000 rw-p 00016000 08:06 3704452                    /usr/lib/jvm/java-8-oracle/jre/lib/amd64/libnet.so
7fa68fcfd000-7fa68fd00000 ---p 00000000 00:00 0 
7fa68fd00000-7fa68fdfe000 rw-p 00000000 00:00 0                          [stack:9783]
7fa68fdfe000-7fa68fe01000 ---p 00000000 00:00 0 
7fa68fe01000-7fa68feff000 rw-p 00000000 00:00 0                          [stack:9782]
7fa68feff000-7fa68ff02000 ---p 00000000 00:00 0 
7fa68ff02000-7fa690000000 rw-p 00000000 00:00 0                          [stack:9781]
7fa690000000-7fa690021000 rw-p 00000000 00:00 0 
7fa690021000-7fa694000000 ---p 00000000 00:00 0 
7fa694000000-7fa694021000 rw-p 00000000 00:00 0 
7fa694021000-7fa698000000 ---p 00000000 00:00 0 
7fa698000000-7fa698326000 rw-p 00000000 00:00 0 
7fa698326000-7fa69c000000 ---p 00000000 00:00 0 
7fa69c000000-7fa69c021000 rw-p 00000000 00:00 0 
7fa69c021000-7fa6a0000000 ---p 00000000 00:00 0 
7fa6a0000000-7fa6a0021000 rw-p 00000000 00:00 0 
7fa6a0021000-7fa6a4000000 ---p 00000000 00:00 0 
7fa6a4000000-7fa6a4244000 rw-p 00000000 00:00 0 
7fa6a4244000-7fa6a8000000 ---p 00000000 00:00 0 
7fa6a8000000-7fa6a8021000 rw-p 00000000 00:00 0 
7fa6a8021000-7fa6ac000000 ---p 00000000 00:00 0 
7fa6ac000000-7fa6ac021000 rw-p 00000000 00:00 0 
7fa6ac021000-7fa6b0000000 ---p 00000000 00:00 0 
7fa6b0000000-7fa6b0021000 rw-p 00000000 00:00 0 
7fa6b0021000-7fa6b4000000 ---p 00000000 00:00 0 
7fa6b4000000-7fa6b4021000 rw-p 00000000 00:00 0 
7fa6b4021000-7fa6b8000000 ---p 00000000 00:00 0 
7fa6b8000000-7fa6b8021000 rw-p 00000000 00:00 0 
7fa6b8021000-7fa6bc000000 ---p 00000000 00:00 0 
7fa6bc0ba000-7fa6bc0bf000 r-xp 00000000 08:06 3673750                    /usr/lib/x86_64-linux-gnu/libXfixes.so.3.1.0
7fa6bc0bf000-7fa6bc2be000 ---p 00005000 08:06 3673750                    /usr/lib/x86_64-linux-gnu/libXfixes.so.3.1.0
7fa6bc2be000-7fa6bc2bf000 r--p 00004000 08:06 3673750                    /usr/lib/x86_64-linux-gnu/libXfixes.so.3.1.0
7fa6bc2bf000-7fa6bc2c0000 rw-p 00005000 08:06 3673750                    /usr/lib/x86_64-linux-gnu/libXfixes.so.3.1.0
7fa6bc2c0000-7fa6bc2c9000 r-xp 00000000 08:06 3678978                    /usr/lib/x86_64-linux-gnu/libXcursor.so.1.0.2
7fa6bc2c9000-7fa6bc4c8000 ---p 00009000 08:06 3678978                    /usr/lib/x86_64-linux-gnu/libXcursor.so.1.0.2
7fa6bc4c8000-7fa6bc4c9000 r--p 00008000 08:06 3678978                    /usr/lib/x86_64-linux-gnu/libXcursor.so.1.0.2
7fa6bc4c9000-7fa6bc4ca000 rw-p 00009000 08:06 3678978                    /usr/lib/x86_64-linux-gnu/libXcursor.so.1.0.2
7fa6bc4ca000-7fa6bc4cd000 ---p 00000000 00:00 0 
7fa6bc4cd000-7fa6bc5cb000 rw-p 00000000 00:00 0                          [stack:9780]
7fa6bc5cb000-7fa6bc5e1000 r-xp 00000000 08:06 3146801                    /lib/x86_64-linux-gnu/libgcc_s.so.1
7fa6bc5e1000-7fa6bc7e0000 ---p 00016000 08:06 3146801                    /lib/x86_64-linux-gnu/libgcc_s.so.1
7fa6bc7e0000-7fa6bc7e1000 rw-p 00015000 08:06 3146801                    /lib/x86_64-linux-gnu/libgcc_s.so.1
7fa6bc7e1000-7fa6bc846000 r-xp 00000000 08:06 3704440                    /usr/lib/jvm/java-8-oracle/jre/lib/amd64/libfontmanager.so
7fa6bc846000-7fa6bca45000 ---p 00065000 08:06 3704440                    /usr/lib/jvm/java-8-oracle/jre/lib/amd64/libfontmanager.so
7fa6bca45000-7fa6bca4a000 rw-p 00064000 08:06 3704440                    /usr/lib/jvm/java-8-oracle/jre/lib/amd64/libfontmanager.so
7fa6bca4a000-7fa6bca5a000 rw-p 00000000 00:00 0 
7fa6bca5a000-7fa6bca5f000 r-xp 00000000 08:06 3678982                    /usr/lib/x86_64-linux-gnu/libXdmcp.so.6.0.0
7fa6bca5f000-7fa6bcc5e000 ---p 00005000 08:06 3678982                    /usr/lib/x86_64-linux-gnu/libXdmcp.so.6.0.0
7fa6bcc5e000-7fa6bcc5f000 r--p 00004000 08:06 3678982                    /usr/lib/x86_64-linux-gnu/libXdmcp.so.6.0.0
7fa6bcc5f000-7fa6bcc60000 rw-p 00005000 08:06 3678982                    /usr/lib/x86_64-linux-gnu/libXdmcp.so.6.0.0
7fa6bcc60000-7fa6bcc62000 r-xp 00000000 08:06 3678971                    /usr/lib/x86_64-linux-gnu/libXau.so.6.0.0
7fa6bcc62000-7fa6bce62000 ---p 00002000 08:06 3678971                    /usr/lib/x86_64-linux-gnu/libXau.so.6.0.0
7fa6bce62000-7fa6bce63000 r--p 00002000 08:06 3678971                    /usr/lib/x86_64-linux-gnu/libXau.so.6.0.0
7fa6bce63000-7fa6bce64000 rw-p 00003000 08:06 3678971                    /usr/lib/x86_64-linux-gnu/libXau.so.6.0.0
7fa6bce64000-7fa6bce81000 r-xp 00000000 08:06 3680039                    /usr/lib/x86_64-linux-gnu/libxcb.so.1.1.0
7fa6bce81000-7fa6bd081000 ---p 0001d000 08:06 3680039                    /usr/lib/x86_64-linux-gnu/libxcb.so.1.1.0
7fa6bd081000-7fa6bd082000 r--p 0001d000 08:06 3680039                    /usr/lib/x86_64-linux-gnu/libxcb.so.1.1.0
7fa6bd082000-7fa6bd083000 rw-p 0001e000 08:06 3680039                    /usr/lib/x86_64-linux-gnu/libxcb.so.1.1.0
7fa6bd083000-7fa6bd092000 r-xp 00000000 08:06 3673752                    /usr/lib/x86_64-linux-gnu/libXi.so.6.1.0
7fa6bd092000-7fa6bd291000 ---p 0000f000 08:06 3673752                    /usr/lib/x86_64-linux-gnu/libXi.so.6.1.0
7fa6bd291000-7fa6bd292000 r--p 0000e000 08:06 3673752                    /usr/lib/x86_64-linux-gnu/libXi.so.6.1.0
7fa6bd292000-7fa6bd293000 rw-p 0000f000 08:06 3673752                    /usr/lib/x86_64-linux-gnu/libXi.so.6.1.0
7fa6bd293000-7fa6bd298000 r-xp 00000000 08:06 3679012                    /usr/lib/x86_64-linux-gnu/libXtst.so.6.1.0
7fa6bd298000-7fa6bd497000 ---p 00005000 08:06 3679012                    /usr/lib/x86_64-linux-gnu/libXtst.so.6.1.0
7fa6bd497000-7fa6bd498000 r--p 00004000 08:06 3679012                    /usr/lib/x86_64-linux-gnu/libXtst.so.6.1.0
7fa6bd498000-7fa6bd499000 rw-p 00005000 08:06 3679012                    /usr/lib/x86_64-linux-gnu/libXtst.so.6.1.0
7fa6bd499000-7fa6bd4a2000 r-xp 00000000 08:06 3670496                    /usr/lib/x86_64-linux-gnu/libXrender.so.1.3.0
7fa6bd4a2000-7fa6bd6a1000 ---p 00009000 08:06 3670496                    /usr/lib/x86_64-linux-gnu/libXrender.so.1.3.0
7fa6bd6a1000-7fa6bd6a2000 r--p 00008000 08:06 3670496                    /usr/lib/x86_64-linux-gnu/libXrender.so.1.3.0
7fa6bd6a2000-7fa6bd6a3000 rw-p 00009000 08:06 3670496                    /usr/lib/x86_64-linux-gnu/libXrender.so.1.3.0
7fa6bd6a3000-7fa6bd7d3000 r-xp 00000000 08:06 3678967                    /usr/lib/x86_64-linux-gnu/libX11.so.6.3.0
7fa6bd7d3000-7fa6bd9d3000 ---p 00130000 08:06 3678967                    /usr/lib/x86_64-linux-gnu/libX11.so.6.3.0
7fa6bd9d3000-7fa6bd9d4000 r--p 00130000 08:06 3678967                    /usr/lib/x86_64-linux-gnu/libX11.so.6.3.0
7fa6bd9d4000-7fa6bd9d8000 rw-p 00131000 08:06 3678967                    /usr/lib/x86_64-linux-gnu/libX11.so.6.3.0
7fa6bd9d8000-7fa6bd9e9000 r-xp 00000000 08:06 3671224                    /usr/lib/x86_64-linux-gnu/libXext.so.6.4.0
7fa6bd9e9000-7fa6bdbe8000 ---p 00011000 08:06 3671224                    /usr/lib/x86_64-linux-gnu/libXext.so.6.4.0
7fa6bdbe8000-7fa6bdbe9000 r--p 00010000 08:06 3671224                    /usr/lib/x86_64-linux-gnu/libXext.so.6.4.0
7fa6bdbe9000-7fa6bdbea000 rw-p 00011000 08:06 3671224                    /usr/lib/x86_64-linux-gnu/libXext.so.6.4.0
7fa6bdbea000-7fa6bdc3e000 r-xp 00000000 08:06 3704444                    /usr/lib/jvm/java-8-oracle/jre/lib/amd64/libawt_xawt.so
7fa6bdc3e000-7fa6bde3e000 ---p 00054000 08:06 3704444                    /usr/lib/jvm/java-8-oracle/jre/lib/amd64/libawt_xawt.so
7fa6bde3e000-7fa6bde42000 rw-p 00054000 08:06 3704444                    /usr/lib/jvm/java-8-oracle/jre/lib/amd64/libawt_xawt.so
7fa6bde42000-7fa6bde43000 rw-p 00000000 00:00 0 
7fa6bde43000-7fa6bdee5000 r-xp 00000000 08:06 3704450                    /usr/lib/jvm/java-8-oracle/jre/lib/amd64/libawt.so
7fa6bdee5000-7fa6be0e5000 ---p 000a2000 08:06 3704450                    /usr/lib/jvm/java-8-oracle/jre/lib/amd64/libawt.so
7fa6be0e5000-7fa6be0f1000 rw-p 000a2000 08:06 3704450                    /usr/lib/jvm/java-8-oracle/jre/lib/amd64/libawt.so
7fa6be0f1000-7fa6be115000 rw-p 00000000 00:00 0 
7fa6be115000-7fa6be116000 ---p 00000000 00:00 0 
7fa6be116000-7fa6be216000 rw-p 00000000 00:00 0                          [stack:9779]
7fa6be216000-7fa6be219000 ---p 00000000 00:00 0 
7fa6be219000-7fa6be317000 rw-p 00000000 00:00 0                          [stack:9778]
7fa6be317000-7fa6be31a000 ---p 00000000 00:00 0 
7fa6be31a000-7fa6be418000 rw-p 00000000 00:00 0                          [stack:9777]
7fa6be418000-7fa6be41b000 ---p 00000000 00:00 0 
7fa6be41b000-7fa6be519000 rw-p 00000000 00:00 0                          [stack:9776]
7fa6be519000-7fa6be51c000 ---p 00000000 00:00 0 
7fa6be51c000-7fa6be61a000 rw-p 00000000 00:00 0                          [stack:9775]
7fa6be61a000-7fa6becfd000 r--p 00000000 08:06 3677829                    /usr/lib/locale/locale-archive
7fa6becfd000-7fa6bed00000 ---p 00000000 00:00 0 
7fa6bed00000-7fa6bedfe000 rw-p 00000000 00:00 0                          [stack:9774]
7fa6bedfe000-7fa6bee01000 ---p 00000000 00:00 0 
7fa6bee01000-7fa6beeff000 rw-p 00000000 00:00 0                          [stack:9773]
7fa6beeff000-7fa6bef00000 ---p 00000000 00:00 0 
7fa6bef00000-7fa6c1000000 rw-p 00000000 00:00 0                          [stack:9772]
7fa6c1000000-7fa6c1460000 rwxp 00000000 00:00 0 
7fa6c1460000-7fa6d0000000 ---p 00000000 00:00 0 
7fa6d0000000-7fa6d0245000 rw-p 00000000 00:00 0 
7fa6d0245000-7fa6d4000000 ---p 00000000 00:00 0 
7fa6d4012000-7fa6d4015000 rw-s 00000000 00:04 56983570                   /SYSV00000000 (deleted)
7fa6d4015000-7fa6d4019000 r--s 00097000 08:06 3704415                    /usr/lib/jvm/java-8-oracle/jre/lib/jsse.jar
7fa6d4019000-7fa6d4023000 r--s 000e7000 08:06 668601                     /home/rifky/workspace/eeg/mysql-connector-java-5.1.38/mysql-connector-java-5.1.38-bin.jar
7fa6d4023000-7fa6d4054000 rw-p 00000000 00:00 0 
7fa6d4054000-7fa6d4066000 r--s 00345000 08:06 3705725                    /usr/lib/jvm/java-8-oracle/jre/lib/resources.jar
7fa6d4066000-7fa6d49d2000 rw-p 00000000 00:00 0 
7fa6d49d2000-7fa6d4baa000 r--s 03d1d000 08:06 3705766                    /usr/lib/jvm/java-8-oracle/jre/lib/rt.jar
7fa6d4baa000-7fa6d5620000 rw-p 00000000 00:00 0 
7fa6d5620000-7fa6d5621000 ---p 00000000 00:00 0 
7fa6d5621000-7fa6d5721000 rw-p 00000000 00:00 0                          [stack:9771]
7fa6d5721000-7fa6d5722000 ---p 00000000 00:00 0 
7fa6d5722000-7fa6d583c000 rw-p 00000000 00:00 0                          [stack:9770]
7fa6d583c000-7fa6d5978000 ---p 00000000 00:00 0 
7fa6d5978000-7fa6d5992000 rw-p 00000000 00:00 0 
7fa6d5992000-7fa6d5acd000 ---p 00000000 00:00 0 
7fa6d5acd000-7fa6d5ae7000 rw-p 00000000 00:00 0 
7fa6d5ae7000-7fa6d5b78000 ---p 00000000 00:00 0 
7fa6d5b78000-7fa6d5b8b000 rw-p 00000000 00:00 0 
7fa6d5b8b000-7fa6d5f39000 ---p 00000000 00:00 0 
7fa6d5f39000-7fa6d5f53000 r-xp 00000000 08:06 3704445                    /usr/lib/jvm/java-8-oracle/jre/lib/amd64/libzip.so
7fa6d5f53000-7fa6d6153000 ---p 0001a000 08:06 3704445                    /usr/lib/jvm/java-8-oracle/jre/lib/amd64/libzip.so
7fa6d6153000-7fa6d6154000 rw-p 0001a000 08:06 3704445                    /usr/lib/jvm/java-8-oracle/jre/lib/amd64/libzip.so
7fa6d6154000-7fa6d615f000 r-xp 00000000 08:06 3145747                    /lib/x86_64-linux-gnu/libnss_files-2.19.so
7fa6d615f000-7fa6d635e000 ---p 0000b000 08:06 3145747                    /lib/x86_64-linux-gnu/libnss_files-2.19.so
7fa6d635e000-7fa6d635f000 r--p 0000a000 08:06 3145747                    /lib/x86_64-linux-gnu/libnss_files-2.19.so
7fa6d635f000-7fa6d6360000 rw-p 0000b000 08:06 3145747                    /lib/x86_64-linux-gnu/libnss_files-2.19.so
7fa6d6360000-7fa6d636b000 r-xp 00000000 08:06 3149747                    /lib/x86_64-linux-gnu/libnss_nis-2.19.so
7fa6d636b000-7fa6d656a000 ---p 0000b000 08:06 3149747                    /lib/x86_64-linux-gnu/libnss_nis-2.19.so
7fa6d656a000-7fa6d656b000 r--p 0000a000 08:06 3149747                    /lib/x86_64-linux-gnu/libnss_nis-2.19.so
7fa6d656b000-7fa6d656c000 rw-p 0000b000 08:06 3149747                    /lib/x86_64-linux-gnu/libnss_nis-2.19.so
7fa6d656c000-7fa6d6583000 r-xp 00000000 08:06 3145822                    /lib/x86_64-linux-gnu/libnsl-2.19.so
7fa6d6583000-7fa6d6782000 ---p 00017000 08:06 3145822                    /lib/x86_64-linux-gnu/libnsl-2.19.so
7fa6d6782000-7fa6d6783000 r--p 00016000 08:06 3145822                    /lib/x86_64-linux-gnu/libnsl-2.19.so
7fa6d6783000-7fa6d6784000 rw-p 00017000 08:06 3145822                    /lib/x86_64-linux-gnu/libnsl-2.19.so
7fa6d6784000-7fa6d6786000 rw-p 00000000 00:00 0 
7fa6d6786000-7fa6d678f000 r-xp 00000000 08:06 3145821                    /lib/x86_64-linux-gnu/libnss_compat-2.19.so
7fa6d678f000-7fa6d698e000 ---p 00009000 08:06 3145821                    /lib/x86_64-linux-gnu/libnss_compat-2.19.so
7fa6d698e000-7fa6d698f000 r--p 00008000 08:06 3145821                    /lib/x86_64-linux-gnu/libnss_compat-2.19.so
7fa6d698f000-7fa6d6990000 rw-p 00009000 08:06 3145821                    /lib/x86_64-linux-gnu/libnss_compat-2.19.so
7fa6d6990000-7fa6d69ba000 r-xp 00000000 08:06 3704482                    /usr/lib/jvm/java-8-oracle/jre/lib/amd64/libjava.so
7fa6d69ba000-7fa6d6bba000 ---p 0002a000 08:06 3704482                    /usr/lib/jvm/java-8-oracle/jre/lib/amd64/libjava.so
7fa6d6bba000-7fa6d6bbc000 rw-p 0002a000 08:06 3704482                    /usr/lib/jvm/java-8-oracle/jre/lib/amd64/libjava.so
7fa6d6bbc000-7fa6d6bc9000 r-xp 00000000 08:06 3704448                    /usr/lib/jvm/java-8-oracle/jre/lib/amd64/libverify.so
7fa6d6bc9000-7fa6d6dc9000 ---p 0000d000 08:06 3704448                    /usr/lib/jvm/java-8-oracle/jre/lib/amd64/libverify.so
7fa6d6dc9000-7fa6d6dcb000 rw-p 0000d000 08:06 3704448                    /usr/lib/jvm/java-8-oracle/jre/lib/amd64/libverify.so
7fa6d6dcb000-7fa6d6dd2000 r-xp 00000000 08:06 3145830                    /lib/x86_64-linux-gnu/librt-2.19.so
7fa6d6dd2000-7fa6d6fd1000 ---p 00007000 08:06 3145830                    /lib/x86_64-linux-gnu/librt-2.19.so
7fa6d6fd1000-7fa6d6fd2000 r--p 00006000 08:06 3145830                    /lib/x86_64-linux-gnu/librt-2.19.so
7fa6d6fd2000-7fa6d6fd3000 rw-p 00007000 08:06 3145830                    /lib/x86_64-linux-gnu/librt-2.19.so
7fa6d6fd3000-7fa6d70d8000 r-xp 00000000 08:06 3145743                    /lib/x86_64-linux-gnu/libm-2.19.so
7fa6d70d8000-7fa6d72d7000 ---p 00105000 08:06 3145743                    /lib/x86_64-linux-gnu/libm-2.19.so
7fa6d72d7000-7fa6d72d8000 r--p 00104000 08:06 3145743                    /lib/x86_64-linux-gnu/libm-2.19.so
7fa6d72d8000-7fa6d72d9000 rw-p 00105000 08:06 3145743                    /lib/x86_64-linux-gnu/libm-2.19.so
7fa6d72d9000-7fa6d7f98000 r-xp 00000000 08:06 3704423                    /usr/lib/jvm/java-8-oracle/jre/lib/amd64/server/libjvm.so
7fa6d7f98000-7fa6d8197000 ---p 00cbf000 08:06 3704423                    /usr/lib/jvm/java-8-oracle/jre/lib/amd64/server/libjvm.so
7fa6d8197000-7fa6d8270000 rw-p 00cbe000 08:06 3704423                    /usr/lib/jvm/java-8-oracle/jre/lib/amd64/server/libjvm.so
7fa6d8270000-7fa6d82b9000 rw-p 00000000 00:00 0 
7fa6d82b9000-7fa6d8474000 r-xp 00000000 08:06 3145827                    /lib/x86_64-linux-gnu/libc-2.19.so
7fa6d8474000-7fa6d8673000 ---p 001bb000 08:06 3145827                    /lib/x86_64-linux-gnu/libc-2.19.so
7fa6d8673000-7fa6d8677000 r--p 001ba000 08:06 3145827                    /lib/x86_64-linux-gnu/libc-2.19.so
7fa6d8677000-7fa6d8679000 rw-p 001be000 08:06 3145827                    /lib/x86_64-linux-gnu/libc-2.19.so
7fa6d8679000-7fa6d867e000 rw-p 00000000 00:00 0 
7fa6d867e000-7fa6d8681000 r-xp 00000000 08:06 3145758                    /lib/x86_64-linux-gnu/libdl-2.19.so
7fa6d8681000-7fa6d8880000 ---p 00003000 08:06 3145758                    /lib/x86_64-linux-gnu/libdl-2.19.so
7fa6d8880000-7fa6d8881000 r--p 00002000 08:06 3145758                    /lib/x86_64-linux-gnu/libdl-2.19.so
7fa6d8881000-7fa6d8882000 rw-p 00003000 08:06 3145758                    /lib/x86_64-linux-gnu/libdl-2.19.so
7fa6d8882000-7fa6d8897000 r-xp 00000000 08:06 3704368                    /usr/lib/jvm/java-8-oracle/lib/amd64/jli/libjli.so
7fa6d8897000-7fa6d8a97000 ---p 00015000 08:06 3704368                    /usr/lib/jvm/java-8-oracle/lib/amd64/jli/libjli.so
7fa6d8a97000-7fa6d8a98000 rw-p 00015000 08:06 3704368                    /usr/lib/jvm/java-8-oracle/lib/amd64/jli/libjli.so
7fa6d8a98000-7fa6d8ab1000 r-xp 00000000 08:06 3145828                    /lib/x86_64-linux-gnu/libpthread-2.19.so
7fa6d8ab1000-7fa6d8cb0000 ---p 00019000 08:06 3145828                    /lib/x86_64-linux-gnu/libpthread-2.19.so
7fa6d8cb0000-7fa6d8cb1000 r--p 00018000 08:06 3145828                    /lib/x86_64-linux-gnu/libpthread-2.19.so
7fa6d8cb1000-7fa6d8cb2000 rw-p 00019000 08:06 3145828                    /lib/x86_64-linux-gnu/libpthread-2.19.so
7fa6d8cb2000-7fa6d8cb6000 rw-p 00000000 00:00 0 
7fa6d8cb6000-7fa6d8cd9000 r-xp 00000000 08:06 3145824                    /lib/x86_64-linux-gnu/ld-2.19.so
7fa6d8cd9000-7fa6d8dad000 rw-p 00000000 00:00 0 
7fa6d8dad000-7fa6d8db0000 ---p 00000000 00:00 0 
7fa6d8db0000-7fa6d8eb2000 rw-p 00000000 00:00 0                          [stack:9767]
7fa6d8eb2000-7fa6d8eb8000 r--s 002f8000 08:06 3705678                    /usr/lib/jvm/java-8-oracle/jre/lib/charsets.jar
7fa6d8eb8000-7fa6d8ecc000 rw-p 00000000 00:00 0 
7fa6d8ecc000-7fa6d8ed4000 rw-s 00000000 08:06 1846402                    /tmp/hsperfdata_rifky/9764
7fa6d8ed4000-7fa6d8ed5000 rw-p 00000000 00:00 0 
7fa6d8ed5000-7fa6d8ed6000 r--p 00000000 00:00 0 
7fa6d8ed6000-7fa6d8ed8000 rw-p 00000000 00:00 0 
7fa6d8ed8000-7fa6d8ed9000 r--p 00022000 08:06 3145824                    /lib/x86_64-linux-gnu/ld-2.19.so
7fa6d8ed9000-7fa6d8eda000 rw-p 00023000 08:06 3145824                    /lib/x86_64-linux-gnu/ld-2.19.so
7fa6d8eda000-7fa6d8edb000 rw-p 00000000 00:00 0 
7ffce7f17000-7ffce7f38000 rw-p 00000000 00:00 0                          [stack]
7ffce7fbe000-7ffce7fc0000 r-xp 00000000 00:00 0                          [vdso]
7ffce7fc0000-7ffce7fc2000 r--p 00000000 00:00 0                          [vvar]
ffffffffff600000-ffffffffff601000 r-xp 00000000 00:00 0                  [vsyscall]

VM Arguments:
jvm_args: -Xmx1024m -Dfile.encoding=UTF-8 
java_command: main.Main
java_class_path (initial): /home/rifky/workspace/eeg/bin:/home/rifky/workspace/eeg/mysql-connector-java-5.1.38/mysql-connector-java-5.1.38-bin.jar
Launcher Type: SUN_STANDARD

Environment Variables:
PATH=/usr/local/sbin:/usr/local/bin:/usr/sbin:/usr/bin:/sbin:/bin:/usr/games:/usr/local/games
SHELL=/bin/bash
DISPLAY=:0

Signal Handlers:
SIGSEGV: [libjvm.so+0xabb070], sa_mask[0]=11111111011111111101111111111110, sa_flags=SA_RESTART|SA_SIGINFO
SIGBUS: [libjvm.so+0xabb070], sa_mask[0]=11111111011111111101111111111110, sa_flags=SA_RESTART|SA_SIGINFO
SIGFPE: [libjvm.so+0x918480], sa_mask[0]=11111111011111111101111111111110, sa_flags=SA_RESTART|SA_SIGINFO
SIGPIPE: [libjvm.so+0x918480], sa_mask[0]=11111111011111111101111111111110, sa_flags=SA_RESTART|SA_SIGINFO
SIGXFSZ: [libjvm.so+0x918480], sa_mask[0]=11111111011111111101111111111110, sa_flags=SA_RESTART|SA_SIGINFO
SIGILL: [libjvm.so+0x918480], sa_mask[0]=11111111011111111101111111111110, sa_flags=SA_RESTART|SA_SIGINFO
SIGUSR1: SIG_DFL, sa_mask[0]=00000000000000000000000000000000, sa_flags=none
SIGUSR2: [libjvm.so+0x919ab0], sa_mask[0]=00100000000000000000000000000000, sa_flags=SA_RESTART|SA_SIGINFO
SIGHUP: [libjvm.so+0x91aeb0], sa_mask[0]=11111111011111111101111111111110, sa_flags=SA_RESTART|SA_SIGINFO
SIGINT: SIG_IGN, sa_mask[0]=00000000000000000000000000000000, sa_flags=none
SIGTERM: [libjvm.so+0x91aeb0], sa_mask[0]=11111111011111111101111111111110, sa_flags=SA_RESTART|SA_SIGINFO
SIGQUIT: [libjvm.so+0x91aeb0], sa_mask[0]=11111111011111111101111111111110, sa_flags=SA_RESTART|SA_SIGINFO


---------------  S Y S T E M  ---------------

OS:DISTRIB_ID=Ubuntu
DISTRIB_RELEASE=14.04
DISTRIB_CODENAME=trusty
DISTRIB_DESCRIPTION="Ubuntu 14.04.3 LTS"

uname:Linux 3.16.0-59-generic #79~14.04.1-Ubuntu SMP Mon Jan 18 15:41:27 UTC 2016 x86_64
libc:glibc 2.19 NPTL 2.19 
rlimit: STACK 8192k, CORE 0k, NPROC 11675, NOFILE 4096, AS infinity
load average:0,61 0,64 0,68

/proc/meminfo:
MemTotal:        3010340 kB
MemFree:          121100 kB
MemAvailable:     679216 kB
Buffers:           74064 kB
Cached:           833396 kB
SwapCached:         8268 kB
Active:          1797960 kB
Inactive:         899640 kB
Active(anon):    1448880 kB
Inactive(anon):   608560 kB
Active(file):     349080 kB
Inactive(file):   291080 kB
Unevictable:         400 kB
Mlocked:             400 kB
SwapTotal:       3905532 kB
SwapFree:        3872792 kB
Dirty:               196 kB
Writeback:             0 kB
AnonPages:       1782760 kB
Mapped:           359564 kB
Shmem:            267348 kB
Slab:              93228 kB
SReclaimable:      61160 kB
SUnreclaim:        32068 kB
KernelStack:        9088 kB
PageTables:        44384 kB
NFS_Unstable:          0 kB
Bounce:                0 kB
WritebackTmp:          0 kB
CommitLimit:     5410700 kB
Committed_AS:    6337056 kB
VmallocTotal:   34359738367 kB
VmallocUsed:      347760 kB
VmallocChunk:   34359380444 kB
HardwareCorrupted:     0 kB
AnonHugePages:   1009664 kB
HugePages_Total:       0
HugePages_Free:        0
HugePages_Rsvd:        0
HugePages_Surp:        0
Hugepagesize:       2048 kB
DirectMap4k:       78192 kB
DirectMap2M:     2996224 kB


CPU:total 2 (2 cores per cpu, 1 threads per core) family 6 model 23 stepping 10, cmov, cx8, fxsr, mmx, sse, sse2, sse3, ssse3, tsc

/proc/cpuinfo:
processor	: 0
vendor_id	: GenuineIntel
cpu family	: 6
model		: 23
model name	: Pentium(R) Dual-Core CPU       T4200  @ 2.00GHz
stepping	: 10
microcode	: 0xa07
cpu MHz		: 2000.000
cache size	: 1024 KB
physical id	: 0
siblings	: 2
core id		: 0
cpu cores	: 2
apicid		: 0
initial apicid	: 0
fpu		: yes
fpu_exception	: yes
cpuid level	: 13
wp		: yes
flags		: fpu vme de pse tsc msr pae mce cx8 apic sep mtrr pge mca cmov pat pse36 clflush dts acpi mmx fxsr sse sse2 ss ht tm pbe syscall nx lm constant_tsc arch_perfmon pebs bts rep_good nopl aperfmperf pni dtes64 monitor ds_cpl est tm2 ssse3 cx16 xtpr pdcm xsave lahf_lm dtherm
bogomips	: 3990.21
clflush size	: 64
cache_alignment	: 64
address sizes	: 36 bits physical, 48 bits virtual
power management:

processor	: 1
vendor_id	: GenuineIntel
cpu family	: 6
model		: 23
model name	: Pentium(R) Dual-Core CPU       T4200  @ 2.00GHz
stepping	: 10
microcode	: 0xa07
cpu MHz		: 2000.000
cache size	: 1024 KB
physical id	: 0
siblings	: 2
core id		: 1
cpu cores	: 2
apicid		: 1
initial apicid	: 1
fpu		: yes
fpu_exception	: yes
cpuid level	: 13
wp		: yes
flags		: fpu vme de pse tsc msr pae mce cx8 apic sep mtrr pge mca cmov pat pse36 clflush dts acpi mmx fxsr sse sse2 ss ht tm pbe syscall nx lm constant_tsc arch_perfmon pebs bts rep_good nopl aperfmperf pni dtes64 monitor ds_cpl est tm2 ssse3 cx16 xtpr pdcm xsave lahf_lm dtherm
bogomips	: 3990.21
clflush size	: 64
cache_alignment	: 64
address sizes	: 36 bits physical, 48 bits virtual
power management:



Memory: 4k page, physical 3010340k(121100k free), swap 3905532k(3872792k free)

vm_info: Java HotSpot(TM) 64-Bit Server VM (25.72-b15) for linux-amd64 JRE (1.8.0_72-b15), built on Dec 22 2015 22:00:07 by "java_re" with gcc 4.3.0 20080428 (Red Hat 4.3.0-8)

time: Tue Jan 26 18:16:52 2016
elapsed time: 4 seconds (0d 0h 0m 4s)

